;  LST file generated by mikroListExporter - v.2.0 
; Date/Time: 6/22/2012 12:55:33 AM
;----------------------------------------------

;Address Opcode 	ASM
0x0000	0xF003EFF3  	GOTO        2022
0x0004	0x0000      	NOP
0x0006	0x0000      	NOP
0x0008	0xF000EF00  	GOTO        0
0x000C	0x0000      	NOP
0x000E	0x0000      	NOP
0x0010	0x0000      	NOP
0x0012	0x0000      	NOP
0x0014	0x0000      	NOP
0x0016	0x0000      	NOP
0x0018	0xD7F3      	BRA         0
_Delay_50us:
;__Lib_Delays.c,19 :: 		void Delay_50us() {
;__Lib_Delays.c,20 :: 		Delay_us(50);
0x001C	0x0E21      	MOVLW       33
0x001E	0x6E0D      	MOVWF       R13, 0
L_Delay_50us2:
0x0020	0x2E0D      	DECFSZ      R13, 1, 0
0x0022	0xD7FE      	BRA         L_Delay_50us2
;__Lib_Delays.c,21 :: 		}
L_end_Delay_50us:
0x0024	0x0012      	RETURN      0
; end of _Delay_50us
_Delay_5500us:
;__Lib_Delays.c,31 :: 		void Delay_5500us() {
;__Lib_Delays.c,32 :: 		Delay_us(5500);
0x0026	0x0E0F      	MOVLW       15
0x0028	0x6E0C      	MOVWF       R12, 0
0x002A	0x0E47      	MOVLW       71
0x002C	0x6E0D      	MOVWF       R13, 0
L_Delay_5500us5:
0x002E	0x2E0D      	DECFSZ      R13, 1, 0
0x0030	0xD7FE      	BRA         L_Delay_5500us5
0x0032	0x2E0C      	DECFSZ      R12, 1, 0
0x0034	0xD7FC      	BRA         L_Delay_5500us5
0x0036	0x0000      	NOP
0x0038	0x0000      	NOP
;__Lib_Delays.c,33 :: 		}
L_end_Delay_5500us:
0x003A	0x0012      	RETURN      0
; end of _Delay_5500us
_Delay_1us:
;__Lib_Delays.c,7 :: 		void Delay_1us() {
;__Lib_Delays.c,8 :: 		Delay_us(1);
0x003C	0x0000      	NOP
0x003E	0x0000      	NOP
;__Lib_Delays.c,9 :: 		}
L_end_Delay_1us:
0x0040	0x0012      	RETURN      0
; end of _Delay_1us
_Div_16x16_U:
;__Lib_Math.c,102 :: 		
;__Lib_Math.c,109 :: 		
0x0042	0x6A08      	CLRF        R8, 0
;__Lib_Math.c,110 :: 		
0x0044	0x6A09      	CLRF        R9, 0
;__Lib_Math.c,111 :: 		
0x0046	0x0E10      	MOVLW       16
;__Lib_Math.c,112 :: 		
0x0048	0x6E0C      	MOVWF       R12, 0
;__Lib_Math.c,113 :: 		
0x004A	0x3401      	RLCF        R1, 0, 0
;__Lib_Math.c,114 :: 		
0x004C	0x3608      	RLCF        R8, 1, 0
;__Lib_Math.c,115 :: 		
0x004E	0x3609      	RLCF        R9, 1, 0
;__Lib_Math.c,116 :: 		
0x0050	0x5004      	MOVF        R4, 0, 0
;__Lib_Math.c,117 :: 		
0x0052	0x5E08      	SUBWF       R8, 1, 0
;__Lib_Math.c,118 :: 		
0x0054	0x5005      	MOVF        R5, 0, 0
;__Lib_Math.c,119 :: 		
0x0056	0xA0D8      	BTFSS       STATUS, 0, 0
;__Lib_Math.c,120 :: 		
0x0058	0x3C05      	INCFSZ      R5, 0, 0
;__Lib_Math.c,121 :: 		
0x005A	0x5E09      	SUBWF       R9, 1, 0
;__Lib_Math.c,122 :: 		
0x005C	0xB0D8      	BTFSC       STATUS, 0, 0
;__Lib_Math.c,123 :: 		
0x005E	0xD007      	BRA         $+16
;__Lib_Math.c,124 :: 		
0x0060	0x5004      	MOVF        R4, 0, 0
;__Lib_Math.c,125 :: 		
0x0062	0x2608      	ADDWF       R8, 1, 0
;__Lib_Math.c,126 :: 		
0x0064	0x5005      	MOVF        R5, 0, 0
;__Lib_Math.c,127 :: 		
0x0066	0xB0D8      	BTFSC       STATUS, 0, 0
;__Lib_Math.c,128 :: 		
0x0068	0x3C05      	INCFSZ      R5, 0, 0
;__Lib_Math.c,129 :: 		
0x006A	0x2609      	ADDWF       R9, 1, 0
;__Lib_Math.c,130 :: 		
0x006C	0x90D8      	BCF         STATUS, 0, 0
;__Lib_Math.c,131 :: 		
0x006E	0x3600      	RLCF        R0, 1, 0
;__Lib_Math.c,132 :: 		
0x0070	0x3601      	RLCF        R1, 1, 0
;__Lib_Math.c,133 :: 		
0x0072	0x2E0C      	DECFSZ      R12, 1, 0
;__Lib_Math.c,134 :: 		
0x0074	0xD7EA      	BRA         $-42
;__Lib_Math.c,136 :: 		
L_end_Div_16x16_U:
0x0076	0x0012      	RETURN      0
; end of _Div_16x16_U
_Lcd_Cmd:
;__Lib_Lcd.c,18 :: 		
;__Lib_Lcd.c,20 :: 		
0x0078	0xBE4B      	BTFSC       FARG_Lcd_Cmd_out_char, 7 
0x007A	0xD002      	BRA         L__Lcd_Cmd21
0x007C	0x9A81      	BCF         LCD_D7, BitPos(LCD_D7+0) 
0x007E	0xD001      	BRA         L__Lcd_Cmd22
L__Lcd_Cmd21:
0x0080	0x8A81      	BSF         LCD_D7, BitPos(LCD_D7+0) 
L__Lcd_Cmd22:
;__Lib_Lcd.c,21 :: 		
0x0082	0xBC4B      	BTFSC       FARG_Lcd_Cmd_out_char, 6 
0x0084	0xD002      	BRA         L__Lcd_Cmd23
0x0086	0x9881      	BCF         LCD_D6, BitPos(LCD_D6+0) 
0x0088	0xD001      	BRA         L__Lcd_Cmd24
L__Lcd_Cmd23:
0x008A	0x8881      	BSF         LCD_D6, BitPos(LCD_D6+0) 
L__Lcd_Cmd24:
;__Lib_Lcd.c,22 :: 		
0x008C	0xBA4B      	BTFSC       FARG_Lcd_Cmd_out_char, 5 
0x008E	0xD002      	BRA         L__Lcd_Cmd25
0x0090	0x9681      	BCF         LCD_D5, BitPos(LCD_D5+0) 
0x0092	0xD001      	BRA         L__Lcd_Cmd26
L__Lcd_Cmd25:
0x0094	0x8681      	BSF         LCD_D5, BitPos(LCD_D5+0) 
L__Lcd_Cmd26:
;__Lib_Lcd.c,23 :: 		
0x0096	0xB84B      	BTFSC       FARG_Lcd_Cmd_out_char, 4 
0x0098	0xD002      	BRA         L__Lcd_Cmd27
0x009A	0x9481      	BCF         LCD_D4, BitPos(LCD_D4+0) 
0x009C	0xD001      	BRA         L__Lcd_Cmd28
L__Lcd_Cmd27:
0x009E	0x8481      	BSF         LCD_D4, BitPos(LCD_D4+0) 
L__Lcd_Cmd28:
;__Lib_Lcd.c,25 :: 		
0x00A0	0xB02C      	BTFSC       __Lib_Lcd_cmd_status, BitPos(__Lib_Lcd_cmd_status+0) 
0x00A2	0xD002      	BRA         L__Lcd_Cmd29
0x00A4	0x8081      	BSF         LCD_RS, BitPos(LCD_RS+0) 
0x00A6	0xD001      	BRA         L__Lcd_Cmd30
L__Lcd_Cmd29:
0x00A8	0x9081      	BCF         LCD_RS, BitPos(LCD_RS+0) 
L__Lcd_Cmd30:
;__Lib_Lcd.c,28 :: 		
0x00AA	0x8281      	BSF         LCD_EN, BitPos(LCD_EN+0) 
;__Lib_Lcd.c,29 :: 		
0x00AC	0xDFC7      	RCALL       _Delay_1us
;__Lib_Lcd.c,30 :: 		
0x00AE	0x9281      	BCF         LCD_EN, BitPos(LCD_EN+0) 
;__Lib_Lcd.c,33 :: 		
0x00B0	0xB64B      	BTFSC       FARG_Lcd_Cmd_out_char, 3 
0x00B2	0xD002      	BRA         L__Lcd_Cmd31
0x00B4	0x9A81      	BCF         LCD_D7, BitPos(LCD_D7+0) 
0x00B6	0xD001      	BRA         L__Lcd_Cmd32
L__Lcd_Cmd31:
0x00B8	0x8A81      	BSF         LCD_D7, BitPos(LCD_D7+0) 
L__Lcd_Cmd32:
;__Lib_Lcd.c,34 :: 		
0x00BA	0xB44B      	BTFSC       FARG_Lcd_Cmd_out_char, 2 
0x00BC	0xD002      	BRA         L__Lcd_Cmd33
0x00BE	0x9881      	BCF         LCD_D6, BitPos(LCD_D6+0) 
0x00C0	0xD001      	BRA         L__Lcd_Cmd34
L__Lcd_Cmd33:
0x00C2	0x8881      	BSF         LCD_D6, BitPos(LCD_D6+0) 
L__Lcd_Cmd34:
;__Lib_Lcd.c,35 :: 		
0x00C4	0xB24B      	BTFSC       FARG_Lcd_Cmd_out_char, 1 
0x00C6	0xD002      	BRA         L__Lcd_Cmd35
0x00C8	0x9681      	BCF         LCD_D5, BitPos(LCD_D5+0) 
0x00CA	0xD001      	BRA         L__Lcd_Cmd36
L__Lcd_Cmd35:
0x00CC	0x8681      	BSF         LCD_D5, BitPos(LCD_D5+0) 
L__Lcd_Cmd36:
;__Lib_Lcd.c,36 :: 		
0x00CE	0xB04B      	BTFSC       FARG_Lcd_Cmd_out_char, 0 
0x00D0	0xD002      	BRA         L__Lcd_Cmd37
0x00D2	0x9481      	BCF         LCD_D4, BitPos(LCD_D4+0) 
0x00D4	0xD001      	BRA         L__Lcd_Cmd38
L__Lcd_Cmd37:
0x00D6	0x8481      	BSF         LCD_D4, BitPos(LCD_D4+0) 
L__Lcd_Cmd38:
;__Lib_Lcd.c,38 :: 		
0x00D8	0xB02C      	BTFSC       __Lib_Lcd_cmd_status, BitPos(__Lib_Lcd_cmd_status+0) 
0x00DA	0xD002      	BRA         L__Lcd_Cmd39
0x00DC	0x8081      	BSF         LCD_RS, BitPos(LCD_RS+0) 
0x00DE	0xD001      	BRA         L__Lcd_Cmd40
L__Lcd_Cmd39:
0x00E0	0x9081      	BCF         LCD_RS, BitPos(LCD_RS+0) 
L__Lcd_Cmd40:
;__Lib_Lcd.c,40 :: 		
0x00E2	0x8281      	BSF         LCD_EN, BitPos(LCD_EN+0) 
;__Lib_Lcd.c,41 :: 		
0x00E4	0xDFAB      	RCALL       _Delay_1us
;__Lib_Lcd.c,42 :: 		
0x00E6	0x9281      	BCF         LCD_EN, BitPos(LCD_EN+0) 
;__Lib_Lcd.c,44 :: 		
0x00E8	0xA02C      	BTFSS       __Lib_Lcd_cmd_status, BitPos(__Lib_Lcd_cmd_status+0) 
0x00EA	0xD002      	BRA         L_Lcd_Cmd0
;__Lib_Lcd.c,45 :: 		
0x00EC	0xDF9C      	RCALL       _Delay_5500us
0x00EE	0xD001      	BRA         L_Lcd_Cmd1
L_Lcd_Cmd0:
;__Lib_Lcd.c,47 :: 		
0x00F0	0xDF95      	RCALL       _Delay_50us
L_Lcd_Cmd1:
;__Lib_Lcd.c,48 :: 		
L_end_Lcd_Cmd:
0x00F2	0x0012      	RETURN      0
; end of _Lcd_Cmd
_Delay_22us:
;__Lib_Delays.c,15 :: 		void Delay_22us() {
;__Lib_Delays.c,16 :: 		Delay_us(22);
0x00F4	0x0E0E      	MOVLW       14
0x00F6	0x6E0D      	MOVWF       R13, 0
L_Delay_22us1:
0x00F8	0x2E0D      	DECFSZ      R13, 1, 0
0x00FA	0xD7FE      	BRA         L_Delay_22us1
0x00FC	0x0000      	NOP
;__Lib_Delays.c,17 :: 		}
L_end_Delay_22us:
0x00FE	0x0012      	RETURN      0
; end of _Delay_22us
_WordToStr:
;__Lib_Conversions.c,84 :: 		
;__Lib_Conversions.c,89 :: 		
0x0100	0x6A48      	CLRF        WordToStr_len_L0 
L_WordToStr6:
0x0102	0x0E05      	MOVLW       5
0x0104	0x5C48      	SUBWF       WordToStr_len_L0, 0 
0x0106	0xE20A      	BC          L_WordToStr7
;__Lib_Conversions.c,90 :: 		
0x0108	0x5048      	MOVF        WordToStr_len_L0, 0 
0x010A	0x2446      	ADDWF       FARG_WordToStr_output, 0 
0x010C	0x6EE1      	MOVWF       FSR1L 
0x010E	0x0E00      	MOVLW       0
0x0110	0x2047      	ADDWFC      FARG_WordToStr_output+1, 0 
0x0112	0x6EE2      	MOVWF       FSR1H 
0x0114	0x0E20      	MOVLW       32
0x0116	0x6EE6      	MOVWF       POSTINC1 
;__Lib_Conversions.c,89 :: 		
0x0118	0x2A48      	INCF        WordToStr_len_L0, 1 
;__Lib_Conversions.c,90 :: 		
0x011A	0xD7F3      	BRA         L_WordToStr6
L_WordToStr7:
;__Lib_Conversions.c,91 :: 		
0x011C	0x5048      	MOVF        WordToStr_len_L0, 0 
0x011E	0x2446      	ADDWF       FARG_WordToStr_output, 0 
0x0120	0x6EE1      	MOVWF       FSR1L 
0x0122	0x0E00      	MOVLW       0
0x0124	0x2047      	ADDWFC      FARG_WordToStr_output+1, 0 
0x0126	0x6EE2      	MOVWF       FSR1H 
0x0128	0x6AE6      	CLRF        POSTINC1 
0x012A	0x0648      	DECF        WordToStr_len_L0, 1 
;__Lib_Conversions.c,93 :: 		
L_WordToStr9:
;__Lib_Conversions.c,94 :: 		
0x012C	0x5048      	MOVF        WordToStr_len_L0, 0 
0x012E	0x2446      	ADDWF       FARG_WordToStr_output, 0 
0x0130	0x6E49      	MOVWF       FLOC__WordToStr 
0x0132	0x0E00      	MOVLW       0
0x0134	0x2047      	ADDWFC      FARG_WordToStr_output+1, 0 
0x0136	0x6E4A      	MOVWF       FLOC__WordToStr+1 
0x0138	0x0E0A      	MOVLW       10
0x013A	0x6E04      	MOVWF       R4 
0x013C	0x0E00      	MOVLW       0
0x013E	0x6E05      	MOVWF       R5 
0x0140	0xF000C044  	MOVFF       FARG_WordToStr_input, R0
0x0144	0xF001C045  	MOVFF       FARG_WordToStr_input+1, R1
0x0148	0xDF7C      	RCALL       _Div_16x16_U
0x014A	0xF000C008  	MOVFF       R8, R0
0x014E	0xF001C009  	MOVFF       R9, R1
0x0152	0x0E30      	MOVLW       48
0x0154	0x2600      	ADDWF       R0, 1 
0x0156	0xFFE1C049  	MOVFF       FLOC__WordToStr, FSR1L
0x015A	0xFFE2C04A  	MOVFF       FLOC__WordToStr+1, FSR1H
0x015E	0xFFE6C000  	MOVFF       R0, POSTINC1
;__Lib_Conversions.c,95 :: 		
0x0162	0x0E0A      	MOVLW       10
0x0164	0x6E04      	MOVWF       R4 
0x0166	0x0E00      	MOVLW       0
0x0168	0x6E05      	MOVWF       R5 
0x016A	0xF000C044  	MOVFF       FARG_WordToStr_input, R0
0x016E	0xF001C045  	MOVFF       FARG_WordToStr_input+1, R1
0x0172	0xDF67      	RCALL       _Div_16x16_U
0x0174	0xF044C000  	MOVFF       R0, FARG_WordToStr_input
0x0178	0xF045C001  	MOVFF       R1, FARG_WordToStr_input+1
;__Lib_Conversions.c,96 :: 		
0x017C	0x0E00      	MOVLW       0
0x017E	0x1801      	XORWF       R1, 0 
0x0180	0xE102      	BNZ         L__WordToStr109
0x0182	0x0E00      	MOVLW       0
0x0184	0x1800      	XORWF       R0, 0 
L__WordToStr109:
0x0186	0xE101      	BNZ         L_WordToStr11
;__Lib_Conversions.c,97 :: 		
0x0188	0xD002      	BRA         L_WordToStr10
L_WordToStr11:
;__Lib_Conversions.c,98 :: 		
0x018A	0x0648      	DECF        WordToStr_len_L0, 1 
;__Lib_Conversions.c,99 :: 		
0x018C	0xD7CF      	BRA         L_WordToStr9
L_WordToStr10:
;__Lib_Conversions.c,100 :: 		
L_end_WordToStr:
0x018E	0x0012      	RETURN      0
; end of _WordToStr
_SDIV3232L:
;__Lib_Math.c,553 :: 		
;__Lib_Math.c,563 :: 		
0x0190	0x5004      	MOVF        R4, 0, 0
;__Lib_Math.c,564 :: 		
0x0192	0x5E08      	SUBWF       R8, 1, 0
;__Lib_Math.c,565 :: 		
0x0194	0x5005      	MOVF        R5, 0, 0
;__Lib_Math.c,566 :: 		
0x0196	0xA0D8      	BTFSS       STATUS, 0, 0
;__Lib_Math.c,567 :: 		
0x0198	0x3C05      	INCFSZ      R5, 0, 0
;__Lib_Math.c,568 :: 		
0x019A	0x5E09      	SUBWF       R9, 1, 0
;__Lib_Math.c,569 :: 		
0x019C	0x5006      	MOVF        R6, 0, 0
;__Lib_Math.c,570 :: 		
0x019E	0xA0D8      	BTFSS       STATUS, 0, 0
;__Lib_Math.c,571 :: 		
0x01A0	0x3C06      	INCFSZ      R6, 0, 0
;__Lib_Math.c,572 :: 		
0x01A2	0x5E0A      	SUBWF       R10, 1, 0
;__Lib_Math.c,573 :: 		
0x01A4	0x5007      	MOVF        R7, 0, 0
;__Lib_Math.c,574 :: 		
0x01A6	0xA0D8      	BTFSS       STATUS, 0, 0
;__Lib_Math.c,575 :: 		
0x01A8	0x3C07      	INCFSZ      R7, 0, 0
;__Lib_Math.c,576 :: 		
0x01AA	0x5E0B      	SUBWF       R11, 1, 0
;__Lib_Math.c,577 :: 		
0x01AC	0x3603      	RLCF        R3, 1, 0
;__Lib_Math.c,579 :: 		
0x01AE	0x0E07      	MOVLW       7
;__Lib_Math.c,580 :: 		
0x01B0	0x6E0C      	MOVWF       R12, 0
;__Lib_Math.c,582 :: 		
LOOPS3232A:
;__Lib_Math.c,583 :: 		
0x01B2	0x3403      	RLCF        R3, 0, 0
;__Lib_Math.c,584 :: 		
0x01B4	0x3608      	RLCF        R8, 1, 0
;__Lib_Math.c,585 :: 		
0x01B6	0x3609      	RLCF        R9, 1, 0
;__Lib_Math.c,586 :: 		
0x01B8	0x360A      	RLCF        R10, 1, 0
;__Lib_Math.c,587 :: 		
0x01BA	0x360B      	RLCF        R11, 1, 0
;__Lib_Math.c,588 :: 		
0x01BC	0x5004      	MOVF        R4, 0, 0
;__Lib_Math.c,589 :: 		
0x01BE	0xA003      	BTFSS       R3, 0, 0
;__Lib_Math.c,590 :: 		
0x01C0	0xD00E      	BRA         SADD22LA
;__Lib_Math.c,592 :: 		
0x01C2	0x5E08      	SUBWF       R8, 1, 0
;__Lib_Math.c,593 :: 		
0x01C4	0x5005      	MOVF        R5, 0, 0
;__Lib_Math.c,594 :: 		
0x01C6	0xA0D8      	BTFSS       STATUS, 0, 0
;__Lib_Math.c,595 :: 		
0x01C8	0x3C05      	INCFSZ      R5, 0, 0
;__Lib_Math.c,596 :: 		
0x01CA	0x5E09      	SUBWF       R9, 1, 0
;__Lib_Math.c,597 :: 		
0x01CC	0x5006      	MOVF        R6, 0, 0
;__Lib_Math.c,598 :: 		
0x01CE	0xA0D8      	BTFSS       STATUS, 0, 0
;__Lib_Math.c,599 :: 		
0x01D0	0x3C06      	INCFSZ      R6, 0, 0
;__Lib_Math.c,600 :: 		
0x01D2	0x5E0A      	SUBWF       R10, 1, 0
;__Lib_Math.c,601 :: 		
0x01D4	0x5007      	MOVF        R7, 0, 0
;__Lib_Math.c,602 :: 		
0x01D6	0xA0D8      	BTFSS       STATUS, 0, 0
;__Lib_Math.c,603 :: 		
0x01D8	0x3C07      	INCFSZ      R7, 0, 0
;__Lib_Math.c,604 :: 		
0x01DA	0x5E0B      	SUBWF       R11, 1, 0
;__Lib_Math.c,605 :: 		
0x01DC	0xD00D      	BRA         SOK22LA
;__Lib_Math.c,607 :: 		
SADD22LA:
;__Lib_Math.c,608 :: 		
0x01DE	0x2608      	ADDWF       R8, 1, 0
;__Lib_Math.c,609 :: 		
0x01E0	0x5005      	MOVF        R5, 0, 0
;__Lib_Math.c,610 :: 		
0x01E2	0xB0D8      	BTFSC       STATUS, 0, 0
;__Lib_Math.c,611 :: 		
0x01E4	0x3C05      	INCFSZ      R5, 0, 0
;__Lib_Math.c,612 :: 		
0x01E6	0x2609      	ADDWF       R9, 1, 0
;__Lib_Math.c,613 :: 		
0x01E8	0x5006      	MOVF        R6, 0, 0
;__Lib_Math.c,614 :: 		
0x01EA	0xB0D8      	BTFSC       STATUS, 0, 0
;__Lib_Math.c,615 :: 		
0x01EC	0x3C06      	INCFSZ      R6, 0, 0
;__Lib_Math.c,616 :: 		
0x01EE	0x260A      	ADDWF       R10, 1, 0
;__Lib_Math.c,617 :: 		
0x01F0	0x5007      	MOVF        R7, 0, 0
;__Lib_Math.c,618 :: 		
0x01F2	0xB0D8      	BTFSC       STATUS, 0, 0
;__Lib_Math.c,619 :: 		
0x01F4	0x3C07      	INCFSZ      R7, 0, 0
;__Lib_Math.c,620 :: 		
0x01F6	0x260B      	ADDWF       R11, 1, 0
;__Lib_Math.c,622 :: 		
SOK22LA:
;__Lib_Math.c,623 :: 		
0x01F8	0x3603      	RLCF        R3, 1, 0
;__Lib_Math.c,625 :: 		
0x01FA	0x2E0C      	DECFSZ      R12, 1, 0
;__Lib_Math.c,626 :: 		
0x01FC	0xD7DA      	BRA         LOOPS3232A
;__Lib_Math.c,628 :: 		
0x01FE	0x3402      	RLCF        R2, 0, 0
;__Lib_Math.c,629 :: 		
0x0200	0x3608      	RLCF        R8, 1, 0
;__Lib_Math.c,630 :: 		
0x0202	0x3609      	RLCF        R9, 1, 0
;__Lib_Math.c,631 :: 		
0x0204	0x360A      	RLCF        R10, 1, 0
;__Lib_Math.c,632 :: 		
0x0206	0x360B      	RLCF        R11, 1, 0
;__Lib_Math.c,633 :: 		
0x0208	0x5004      	MOVF        R4, 0, 0
;__Lib_Math.c,634 :: 		
0x020A	0xA003      	BTFSS       R3, 0, 0
;__Lib_Math.c,635 :: 		
0x020C	0xD00E      	BRA         SADD22L8
;__Lib_Math.c,637 :: 		
0x020E	0x5E08      	SUBWF       R8, 1, 0
;__Lib_Math.c,638 :: 		
0x0210	0x5005      	MOVF        R5, 0, 0
;__Lib_Math.c,639 :: 		
0x0212	0xA0D8      	BTFSS       STATUS, 0, 0
;__Lib_Math.c,640 :: 		
0x0214	0x3C05      	INCFSZ      R5, 0, 0
;__Lib_Math.c,641 :: 		
0x0216	0x5E09      	SUBWF       R9, 1, 0
;__Lib_Math.c,642 :: 		
0x0218	0x5006      	MOVF        R6, 0, 0
;__Lib_Math.c,643 :: 		
0x021A	0xA0D8      	BTFSS       STATUS, 0, 0
;__Lib_Math.c,644 :: 		
0x021C	0x3C06      	INCFSZ      R6, 0, 0
;__Lib_Math.c,645 :: 		
0x021E	0x5E0A      	SUBWF       R10, 1, 0
;__Lib_Math.c,646 :: 		
0x0220	0x5007      	MOVF        R7, 0, 0
;__Lib_Math.c,647 :: 		
0x0222	0xA0D8      	BTFSS       STATUS, 0, 0
;__Lib_Math.c,648 :: 		
0x0224	0x3C07      	INCFSZ      R7, 0, 0
;__Lib_Math.c,649 :: 		
0x0226	0x5E0B      	SUBWF       R11, 1, 0
;__Lib_Math.c,650 :: 		
0x0228	0xD00D      	BRA         SOK22L8
;__Lib_Math.c,652 :: 		
SADD22L8:
;__Lib_Math.c,653 :: 		
0x022A	0x2608      	ADDWF       R8, 1, 0
;__Lib_Math.c,654 :: 		
0x022C	0x5005      	MOVF        R5, 0, 0
;__Lib_Math.c,655 :: 		
0x022E	0xB0D8      	BTFSC       STATUS, 0, 0
;__Lib_Math.c,656 :: 		
0x0230	0x3C05      	INCFSZ      R5, 0, 0
;__Lib_Math.c,657 :: 		
0x0232	0x2609      	ADDWF       R9, 1, 0
;__Lib_Math.c,658 :: 		
0x0234	0x5006      	MOVF        R6, 0, 0
;__Lib_Math.c,659 :: 		
0x0236	0xB0D8      	BTFSC       STATUS, 0, 0
;__Lib_Math.c,660 :: 		
0x0238	0x3C06      	INCFSZ      R6, 0, 0
;__Lib_Math.c,661 :: 		
0x023A	0x260A      	ADDWF       R10, 1, 0
;__Lib_Math.c,662 :: 		
0x023C	0x5007      	MOVF        R7, 0, 0
;__Lib_Math.c,663 :: 		
0x023E	0xB0D8      	BTFSC       STATUS, 0, 0
;__Lib_Math.c,664 :: 		
0x0240	0x3C07      	INCFSZ      R7, 0, 0
;__Lib_Math.c,665 :: 		
0x0242	0x260B      	ADDWF       R11, 1, 0
;__Lib_Math.c,667 :: 		
SOK22L8:
;__Lib_Math.c,668 :: 		
0x0244	0x3602      	RLCF        R2, 1, 0
;__Lib_Math.c,670 :: 		
0x0246	0x0E07      	MOVLW       7
;__Lib_Math.c,671 :: 		
0x0248	0x6E0C      	MOVWF       R12, 0
;__Lib_Math.c,673 :: 		
LOOPS3232B:
;__Lib_Math.c,674 :: 		
0x024A	0x3402      	RLCF        R2, 0, 0
;__Lib_Math.c,675 :: 		
0x024C	0x3608      	RLCF        R8, 1, 0
;__Lib_Math.c,676 :: 		
0x024E	0x3609      	RLCF        R9, 1, 0
;__Lib_Math.c,677 :: 		
0x0250	0x360A      	RLCF        R10, 1, 0
;__Lib_Math.c,678 :: 		
0x0252	0x360B      	RLCF        R11, 1, 0
;__Lib_Math.c,679 :: 		
0x0254	0x5004      	MOVF        R4, 0, 0
;__Lib_Math.c,680 :: 		
0x0256	0xA002      	BTFSS       R2, 0, 0
;__Lib_Math.c,681 :: 		
0x0258	0xD00E      	BRA         SADD22LB
;__Lib_Math.c,683 :: 		
0x025A	0x5E08      	SUBWF       R8, 1, 0
;__Lib_Math.c,684 :: 		
0x025C	0x5005      	MOVF        R5, 0, 0
;__Lib_Math.c,685 :: 		
0x025E	0xA0D8      	BTFSS       STATUS, 0, 0
;__Lib_Math.c,686 :: 		
0x0260	0x3C05      	INCFSZ      R5, 0, 0
;__Lib_Math.c,687 :: 		
0x0262	0x5E09      	SUBWF       R9, 1, 0
;__Lib_Math.c,688 :: 		
0x0264	0x5006      	MOVF        R6, 0, 0
;__Lib_Math.c,689 :: 		
0x0266	0xA0D8      	BTFSS       STATUS, 0, 0
;__Lib_Math.c,690 :: 		
0x0268	0x3C06      	INCFSZ      R6, 0, 0
;__Lib_Math.c,691 :: 		
0x026A	0x5E0A      	SUBWF       R10, 1, 0
;__Lib_Math.c,692 :: 		
0x026C	0x5007      	MOVF        R7, 0, 0
;__Lib_Math.c,693 :: 		
0x026E	0xA0D8      	BTFSS       STATUS, 0, 0
;__Lib_Math.c,694 :: 		
0x0270	0x3C07      	INCFSZ      R7, 0, 0
;__Lib_Math.c,695 :: 		
0x0272	0x5E0B      	SUBWF       R11, 1, 0
;__Lib_Math.c,696 :: 		
0x0274	0xD00D      	BRA         SOK22LB
;__Lib_Math.c,698 :: 		
SADD22LB:
;__Lib_Math.c,699 :: 		
0x0276	0x2608      	ADDWF       R8, 1, 0
;__Lib_Math.c,700 :: 		
0x0278	0x5005      	MOVF        R5, 0, 0
;__Lib_Math.c,701 :: 		
0x027A	0xB0D8      	BTFSC       STATUS, 0, 0
;__Lib_Math.c,702 :: 		
0x027C	0x3C05      	INCFSZ      R5, 0, 0
;__Lib_Math.c,703 :: 		
0x027E	0x2609      	ADDWF       R9, 1, 0
;__Lib_Math.c,704 :: 		
0x0280	0x5006      	MOVF        R6, 0, 0
;__Lib_Math.c,705 :: 		
0x0282	0xB0D8      	BTFSC       STATUS, 0, 0
;__Lib_Math.c,706 :: 		
0x0284	0x3C06      	INCFSZ      R6, 0, 0
;__Lib_Math.c,707 :: 		
0x0286	0x260A      	ADDWF       R10, 1, 0
;__Lib_Math.c,708 :: 		
0x0288	0x5007      	MOVF        R7, 0, 0
;__Lib_Math.c,709 :: 		
0x028A	0xB0D8      	BTFSC       STATUS, 0, 0
;__Lib_Math.c,710 :: 		
0x028C	0x3C07      	INCFSZ      R7, 0, 0
;__Lib_Math.c,711 :: 		
0x028E	0x260B      	ADDWF       R11, 1, 0
;__Lib_Math.c,713 :: 		
SOK22LB:
;__Lib_Math.c,714 :: 		
0x0290	0x3602      	RLCF        R2, 1, 0
;__Lib_Math.c,716 :: 		
0x0292	0x2E0C      	DECFSZ      R12, 1, 0
;__Lib_Math.c,717 :: 		
0x0294	0xD7DA      	BRA         LOOPS3232B
;__Lib_Math.c,719 :: 		
0x0296	0x3401      	RLCF        R1, 0, 0
;__Lib_Math.c,720 :: 		
0x0298	0x3608      	RLCF        R8, 1, 0
;__Lib_Math.c,721 :: 		
0x029A	0x3609      	RLCF        R9, 1, 0
;__Lib_Math.c,722 :: 		
0x029C	0x360A      	RLCF        R10, 1, 0
;__Lib_Math.c,723 :: 		
0x029E	0x360B      	RLCF        R11, 1, 0
;__Lib_Math.c,724 :: 		
0x02A0	0x5004      	MOVF        R4, 0, 0
;__Lib_Math.c,725 :: 		
0x02A2	0xA002      	BTFSS       R2, 0, 0
;__Lib_Math.c,726 :: 		
0x02A4	0xD00E      	BRA         SADD22L16
;__Lib_Math.c,728 :: 		
0x02A6	0x5E08      	SUBWF       R8, 1, 0
;__Lib_Math.c,729 :: 		
0x02A8	0x5005      	MOVF        R5, 0, 0
;__Lib_Math.c,730 :: 		
0x02AA	0xA0D8      	BTFSS       STATUS, 0, 0
;__Lib_Math.c,731 :: 		
0x02AC	0x3C05      	INCFSZ      R5, 0, 0
;__Lib_Math.c,732 :: 		
0x02AE	0x5E09      	SUBWF       R9, 1, 0
;__Lib_Math.c,733 :: 		
0x02B0	0x5006      	MOVF        R6, 0, 0
;__Lib_Math.c,734 :: 		
0x02B2	0xA0D8      	BTFSS       STATUS, 0, 0
;__Lib_Math.c,735 :: 		
0x02B4	0x3C06      	INCFSZ      R6, 0, 0
;__Lib_Math.c,736 :: 		
0x02B6	0x5E0A      	SUBWF       R10, 1, 0
;__Lib_Math.c,737 :: 		
0x02B8	0x5007      	MOVF        R7, 0, 0
;__Lib_Math.c,738 :: 		
0x02BA	0xA0D8      	BTFSS       STATUS, 0, 0
;__Lib_Math.c,739 :: 		
0x02BC	0x3C07      	INCFSZ      R7, 0, 0
;__Lib_Math.c,740 :: 		
0x02BE	0x5E0B      	SUBWF       R11, 1, 0
;__Lib_Math.c,741 :: 		
0x02C0	0xD00D      	BRA         SOK22L16
;__Lib_Math.c,743 :: 		
SADD22L16:
;__Lib_Math.c,744 :: 		
0x02C2	0x2608      	ADDWF       R8, 1, 0
;__Lib_Math.c,745 :: 		
0x02C4	0x5005      	MOVF        R5, 0, 0
;__Lib_Math.c,746 :: 		
0x02C6	0xB0D8      	BTFSC       STATUS, 0, 0
;__Lib_Math.c,747 :: 		
0x02C8	0x3C05      	INCFSZ      R5, 0, 0
;__Lib_Math.c,748 :: 		
0x02CA	0x2609      	ADDWF       R9, 1, 0
;__Lib_Math.c,749 :: 		
0x02CC	0x5006      	MOVF        R6, 0, 0
;__Lib_Math.c,750 :: 		
0x02CE	0xB0D8      	BTFSC       STATUS, 0, 0
;__Lib_Math.c,751 :: 		
0x02D0	0x3C06      	INCFSZ      R6, 0, 0
;__Lib_Math.c,752 :: 		
0x02D2	0x260A      	ADDWF       R10, 1, 0
;__Lib_Math.c,753 :: 		
0x02D4	0x5007      	MOVF        R7, 0, 0
;__Lib_Math.c,754 :: 		
0x02D6	0xB0D8      	BTFSC       STATUS, 0, 0
;__Lib_Math.c,755 :: 		
0x02D8	0x3C07      	INCFSZ      R7, 0, 0
;__Lib_Math.c,756 :: 		
0x02DA	0x260B      	ADDWF       R11, 1, 0
;__Lib_Math.c,758 :: 		
SOK22L16:
;__Lib_Math.c,759 :: 		
0x02DC	0x3601      	RLCF        R1, 1, 0
;__Lib_Math.c,761 :: 		
0x02DE	0x0E07      	MOVLW       7
;__Lib_Math.c,762 :: 		
0x02E0	0x6E0C      	MOVWF       R12, 0
;__Lib_Math.c,764 :: 		
LOOPS3232C:
;__Lib_Math.c,765 :: 		
0x02E2	0x3401      	RLCF        R1, 0, 0
;__Lib_Math.c,766 :: 		
0x02E4	0x3608      	RLCF        R8, 1, 0
;__Lib_Math.c,767 :: 		
0x02E6	0x3609      	RLCF        R9, 1, 0
;__Lib_Math.c,768 :: 		
0x02E8	0x360A      	RLCF        R10, 1, 0
;__Lib_Math.c,769 :: 		
0x02EA	0x360B      	RLCF        R11, 1, 0
;__Lib_Math.c,770 :: 		
0x02EC	0x5004      	MOVF        R4, 0, 0
;__Lib_Math.c,771 :: 		
0x02EE	0xA001      	BTFSS       R1, 0, 0
;__Lib_Math.c,772 :: 		
0x02F0	0xD00E      	BRA         SADD22LC
;__Lib_Math.c,774 :: 		
0x02F2	0x5E08      	SUBWF       R8, 1, 0
;__Lib_Math.c,775 :: 		
0x02F4	0x5005      	MOVF        R5, 0, 0
;__Lib_Math.c,776 :: 		
0x02F6	0xA0D8      	BTFSS       STATUS, 0, 0
;__Lib_Math.c,777 :: 		
0x02F8	0x3C05      	INCFSZ      R5, 0, 0
;__Lib_Math.c,778 :: 		
0x02FA	0x5E09      	SUBWF       R9, 1, 0
;__Lib_Math.c,779 :: 		
0x02FC	0x5006      	MOVF        R6, 0, 0
;__Lib_Math.c,780 :: 		
0x02FE	0xA0D8      	BTFSS       STATUS, 0, 0
;__Lib_Math.c,781 :: 		
0x0300	0x3C06      	INCFSZ      R6, 0, 0
;__Lib_Math.c,782 :: 		
0x0302	0x5E0A      	SUBWF       R10, 1, 0
;__Lib_Math.c,783 :: 		
0x0304	0x5007      	MOVF        R7, 0, 0
;__Lib_Math.c,784 :: 		
0x0306	0xA0D8      	BTFSS       STATUS, 0, 0
;__Lib_Math.c,785 :: 		
0x0308	0x3C07      	INCFSZ      R7, 0, 0
;__Lib_Math.c,786 :: 		
0x030A	0x5E0B      	SUBWF       R11, 1, 0
;__Lib_Math.c,787 :: 		
0x030C	0xD00D      	BRA         SOK22LC
;__Lib_Math.c,789 :: 		
SADD22LC:
;__Lib_Math.c,790 :: 		
0x030E	0x2608      	ADDWF       R8, 1, 0
;__Lib_Math.c,791 :: 		
0x0310	0x5005      	MOVF        R5, 0, 0
;__Lib_Math.c,792 :: 		
0x0312	0xB0D8      	BTFSC       STATUS, 0, 0
;__Lib_Math.c,793 :: 		
0x0314	0x3C05      	INCFSZ      R5, 0, 0
;__Lib_Math.c,794 :: 		
0x0316	0x2609      	ADDWF       R9, 1, 0
;__Lib_Math.c,795 :: 		
0x0318	0x5006      	MOVF        R6, 0, 0
;__Lib_Math.c,796 :: 		
0x031A	0xB0D8      	BTFSC       STATUS, 0, 0
;__Lib_Math.c,797 :: 		
0x031C	0x3C06      	INCFSZ      R6, 0, 0
;__Lib_Math.c,798 :: 		
0x031E	0x260A      	ADDWF       R10, 1, 0
;__Lib_Math.c,799 :: 		
0x0320	0x5007      	MOVF        R7, 0, 0
;__Lib_Math.c,800 :: 		
0x0322	0xB0D8      	BTFSC       STATUS, 0, 0
;__Lib_Math.c,801 :: 		
0x0324	0x3C07      	INCFSZ      R7, 0, 0
;__Lib_Math.c,802 :: 		
0x0326	0x260B      	ADDWF       R11, 1, 0
;__Lib_Math.c,804 :: 		
SOK22LC:
;__Lib_Math.c,805 :: 		
0x0328	0x3601      	RLCF        R1, 1, 0
;__Lib_Math.c,807 :: 		
0x032A	0x2E0C      	DECFSZ      R12, 1, 0
;__Lib_Math.c,808 :: 		
0x032C	0xD7DA      	BRA         LOOPS3232C
;__Lib_Math.c,810 :: 		
0x032E	0x3400      	RLCF        R0, 0, 0
;__Lib_Math.c,811 :: 		
0x0330	0x3608      	RLCF        R8, 1, 0
;__Lib_Math.c,812 :: 		
0x0332	0x3609      	RLCF        R9, 1, 0
;__Lib_Math.c,813 :: 		
0x0334	0x360A      	RLCF        R10, 1, 0
;__Lib_Math.c,814 :: 		
0x0336	0x360B      	RLCF        R11, 1, 0
;__Lib_Math.c,815 :: 		
0x0338	0x5004      	MOVF        R4, 0, 0
;__Lib_Math.c,816 :: 		
0x033A	0xA001      	BTFSS       R1, 0, 0
;__Lib_Math.c,817 :: 		
0x033C	0xD00E      	BRA         SADD22L24
;__Lib_Math.c,819 :: 		
0x033E	0x5E08      	SUBWF       R8, 1, 0
;__Lib_Math.c,820 :: 		
0x0340	0x5005      	MOVF        R5, 0, 0
;__Lib_Math.c,821 :: 		
0x0342	0xA0D8      	BTFSS       STATUS, 0, 0
;__Lib_Math.c,822 :: 		
0x0344	0x3C05      	INCFSZ      R5, 0, 0
;__Lib_Math.c,823 :: 		
0x0346	0x5E09      	SUBWF       R9, 1, 0
;__Lib_Math.c,824 :: 		
0x0348	0x5006      	MOVF        R6, 0, 0
;__Lib_Math.c,825 :: 		
0x034A	0xA0D8      	BTFSS       STATUS, 0, 0
;__Lib_Math.c,826 :: 		
0x034C	0x3C06      	INCFSZ      R6, 0, 0
;__Lib_Math.c,827 :: 		
0x034E	0x5E0A      	SUBWF       R10, 1, 0
;__Lib_Math.c,828 :: 		
0x0350	0x5007      	MOVF        R7, 0, 0
;__Lib_Math.c,829 :: 		
0x0352	0xA0D8      	BTFSS       STATUS, 0, 0
;__Lib_Math.c,830 :: 		
0x0354	0x3C07      	INCFSZ      R7, 0, 0
;__Lib_Math.c,831 :: 		
0x0356	0x5E0B      	SUBWF       R11, 1, 0
;__Lib_Math.c,832 :: 		
0x0358	0xD00D      	BRA         SOK22L24
;__Lib_Math.c,834 :: 		
SADD22L24:
;__Lib_Math.c,835 :: 		
0x035A	0x2608      	ADDWF       R8, 1, 0
;__Lib_Math.c,836 :: 		
0x035C	0x5005      	MOVF        R5, 0, 0
;__Lib_Math.c,837 :: 		
0x035E	0xB0D8      	BTFSC       STATUS, 0, 0
;__Lib_Math.c,838 :: 		
0x0360	0x3C05      	INCFSZ      R5, 0, 0
;__Lib_Math.c,839 :: 		
0x0362	0x2609      	ADDWF       R9, 1, 0
;__Lib_Math.c,840 :: 		
0x0364	0x5006      	MOVF        R6, 0, 0
;__Lib_Math.c,841 :: 		
0x0366	0xB0D8      	BTFSC       STATUS, 0, 0
;__Lib_Math.c,842 :: 		
0x0368	0x3C06      	INCFSZ      R6, 0, 0
;__Lib_Math.c,843 :: 		
0x036A	0x260A      	ADDWF       R10, 1, 0
;__Lib_Math.c,844 :: 		
0x036C	0x5007      	MOVF        R7, 0, 0
;__Lib_Math.c,845 :: 		
0x036E	0xB0D8      	BTFSC       STATUS, 0, 0
;__Lib_Math.c,846 :: 		
0x0370	0x3C07      	INCFSZ      R7, 0, 0
;__Lib_Math.c,847 :: 		
0x0372	0x260B      	ADDWF       R11, 1, 0
;__Lib_Math.c,849 :: 		
SOK22L24:
;__Lib_Math.c,850 :: 		
0x0374	0x3600      	RLCF        R0, 1, 0
;__Lib_Math.c,852 :: 		
0x0376	0x0E07      	MOVLW       7
;__Lib_Math.c,853 :: 		
0x0378	0x6E0C      	MOVWF       R12, 0
;__Lib_Math.c,855 :: 		
LOOPS3232D:
;__Lib_Math.c,856 :: 		
0x037A	0x3400      	RLCF        R0, 0, 0
;__Lib_Math.c,857 :: 		
0x037C	0x3608      	RLCF        R8, 1, 0
;__Lib_Math.c,858 :: 		
0x037E	0x3609      	RLCF        R9, 1, 0
;__Lib_Math.c,859 :: 		
0x0380	0x360A      	RLCF        R10, 1, 0
;__Lib_Math.c,860 :: 		
0x0382	0x360B      	RLCF        R11, 1, 0
;__Lib_Math.c,861 :: 		
0x0384	0x5004      	MOVF        R4, 0, 0
;__Lib_Math.c,862 :: 		
0x0386	0xA000      	BTFSS       R0, 0, 0
;__Lib_Math.c,863 :: 		
0x0388	0xD00E      	BRA         SADD22LD
;__Lib_Math.c,865 :: 		
0x038A	0x5E08      	SUBWF       R8, 1, 0
;__Lib_Math.c,866 :: 		
0x038C	0x5005      	MOVF        R5, 0, 0
;__Lib_Math.c,867 :: 		
0x038E	0xA0D8      	BTFSS       STATUS, 0, 0
;__Lib_Math.c,868 :: 		
0x0390	0x3C05      	INCFSZ      R5, 0, 0
;__Lib_Math.c,869 :: 		
0x0392	0x5E09      	SUBWF       R9, 1, 0
;__Lib_Math.c,870 :: 		
0x0394	0x5006      	MOVF        R6, 0, 0
;__Lib_Math.c,871 :: 		
0x0396	0xA0D8      	BTFSS       STATUS, 0, 0
;__Lib_Math.c,872 :: 		
0x0398	0x3C06      	INCFSZ      R6, 0, 0
;__Lib_Math.c,873 :: 		
0x039A	0x5E0A      	SUBWF       R10, 1, 0
;__Lib_Math.c,874 :: 		
0x039C	0x5007      	MOVF        R7, 0, 0
;__Lib_Math.c,875 :: 		
0x039E	0xA0D8      	BTFSS       STATUS, 0, 0
;__Lib_Math.c,876 :: 		
0x03A0	0x3C07      	INCFSZ      R7, 0, 0
;__Lib_Math.c,877 :: 		
0x03A2	0x5E0B      	SUBWF       R11, 1, 0
;__Lib_Math.c,878 :: 		
0x03A4	0xD00D      	BRA         SOK22LD
;__Lib_Math.c,880 :: 		
SADD22LD:
;__Lib_Math.c,881 :: 		
0x03A6	0x2608      	ADDWF       R8, 1, 0
;__Lib_Math.c,882 :: 		
0x03A8	0x5005      	MOVF        R5, 0, 0
;__Lib_Math.c,883 :: 		
0x03AA	0xB0D8      	BTFSC       STATUS, 0, 0
;__Lib_Math.c,884 :: 		
0x03AC	0x3C05      	INCFSZ      R5, 0, 0
;__Lib_Math.c,885 :: 		
0x03AE	0x2609      	ADDWF       R9, 1, 0
;__Lib_Math.c,886 :: 		
0x03B0	0x5006      	MOVF        R6, 0, 0
;__Lib_Math.c,887 :: 		
0x03B2	0xB0D8      	BTFSC       STATUS, 0, 0
;__Lib_Math.c,888 :: 		
0x03B4	0x3C06      	INCFSZ      R6, 0, 0
;__Lib_Math.c,889 :: 		
0x03B6	0x260A      	ADDWF       R10, 1, 0
;__Lib_Math.c,890 :: 		
0x03B8	0x5007      	MOVF        R7, 0, 0
;__Lib_Math.c,891 :: 		
0x03BA	0xB0D8      	BTFSC       STATUS, 0, 0
;__Lib_Math.c,893 :: 		
0x03BC	0x3C07      	INCFSZ      R7, 0, 0
;__Lib_Math.c,894 :: 		
0x03BE	0x260B      	ADDWF       R11, 1, 0
;__Lib_Math.c,896 :: 		
SOK22LD:
;__Lib_Math.c,897 :: 		
0x03C0	0x3600      	RLCF        R0, 1, 0
;__Lib_Math.c,899 :: 		
0x03C2	0x2E0C      	DECFSZ      R12, 1, 0
;__Lib_Math.c,900 :: 		
0x03C4	0xD7DA      	BRA         LOOPS3232D
;__Lib_Math.c,902 :: 		
0x03C6	0xB000      	BTFSC       R0, 0, 0
;__Lib_Math.c,903 :: 		
0x03C8	0xD00E      	BRA         SOK22L
;__Lib_Math.c,904 :: 		
0x03CA	0x5004      	MOVF        R4, 0, 0
;__Lib_Math.c,905 :: 		
0x03CC	0x2608      	ADDWF       R8, 1, 0
;__Lib_Math.c,906 :: 		
0x03CE	0x5005      	MOVF        R5, 0, 0
;__Lib_Math.c,907 :: 		
0x03D0	0xB0D8      	BTFSC       STATUS, 0, 0
;__Lib_Math.c,908 :: 		
0x03D2	0x3C05      	INCFSZ      R5, 0, 0
;__Lib_Math.c,909 :: 		
0x03D4	0x2609      	ADDWF       R9, 1, 0
;__Lib_Math.c,910 :: 		
0x03D6	0x5006      	MOVF        R6, 0, 0
;__Lib_Math.c,911 :: 		
0x03D8	0xB0D8      	BTFSC       STATUS, 0, 0
;__Lib_Math.c,912 :: 		
0x03DA	0x3C06      	INCFSZ      R6, 0, 0
;__Lib_Math.c,913 :: 		
0x03DC	0x260A      	ADDWF       R10, 1, 0
;__Lib_Math.c,914 :: 		
0x03DE	0x5007      	MOVF        R7, 0, 0
;__Lib_Math.c,915 :: 		
0x03E0	0xB0D8      	BTFSC       STATUS, 0, 0
;__Lib_Math.c,916 :: 		
0x03E2	0x3C07      	INCFSZ      R7, 0, 0
;__Lib_Math.c,917 :: 		
0x03E4	0x260B      	ADDWF       R11, 1, 0
;__Lib_Math.c,918 :: 		
SOK22L:
;__Lib_Math.c,920 :: 		
L_end_SDIV3232L:
0x03E6	0x0012      	RETURN      0
; end of _SDIV3232L
_COMFREM:
;__Lib_Math.c,922 :: 		
;__Lib_Math.c,927 :: 		
0x03E8	0x1E0B      	COMF        R11, 1, 0
;__Lib_Math.c,928 :: 		
0x03EA	0x1E0A      	COMF        R10, 1, 0
;__Lib_Math.c,929 :: 		
0x03EC	0x1E09      	COMF        R9, 1, 0
;__Lib_Math.c,930 :: 		
0x03EE	0x1E08      	COMF        R8, 1, 0
;__Lib_Math.c,931 :: 		
0x03F0	0x2A08      	INCF        R8, 1, 0
;__Lib_Math.c,932 :: 		
0x03F2	0xB4D8      	BTFSC       STATUS, 2, 0
;__Lib_Math.c,933 :: 		
0x03F4	0x2A09      	INCF        R9, 1, 0
;__Lib_Math.c,934 :: 		
0x03F6	0xB4D8      	BTFSC       STATUS, 2, 0
;__Lib_Math.c,935 :: 		
0x03F8	0x2A0A      	INCF        R10, 1, 0
;__Lib_Math.c,936 :: 		
0x03FA	0xB4D8      	BTFSC       STATUS, 2, 0
;__Lib_Math.c,937 :: 		
0x03FC	0x2A0B      	INCF        R11, 1, 0
;__Lib_Math.c,939 :: 		
L_end_COMFREM:
0x03FE	0x0012      	RETURN      0
; end of _COMFREM
_Lcd_Chr_CP:
;__Lib_Lcd.c,50 :: 		
;__Lib_Lcd.c,52 :: 		
0x0400	0x902C      	BCF         __Lib_Lcd_cmd_status, BitPos(__Lib_Lcd_cmd_status+0) 
;__Lib_Lcd.c,53 :: 		
0x0402	0xF04BC044  	MOVFF       FARG_Lcd_Chr_CP_out_char, FARG_Lcd_Cmd_out_char
0x0406	0xDE38      	RCALL       _Lcd_Cmd
;__Lib_Lcd.c,54 :: 		
0x0408	0x802C      	BSF         __Lib_Lcd_cmd_status, BitPos(__Lib_Lcd_cmd_status+0) 
;__Lib_Lcd.c,55 :: 		
L_end_Lcd_Chr_CP:
0x040A	0x0012      	RETURN      0
; end of _Lcd_Chr_CP
_Lcd_Out:
;__Lib_Lcd.c,184 :: 		
;__Lib_Lcd.c,187 :: 		
0x040C	0xD00F      	BRA         L_Lcd_Out11
;__Lib_Lcd.c,188 :: 		
L_Lcd_Out13:
0x040E	0x0E80      	MOVLW       128
0x0410	0x6E3A      	MOVWF       FARG_Lcd_Out_row 
0x0412	0xD019      	BRA         L_Lcd_Out12
;__Lib_Lcd.c,189 :: 		
L_Lcd_Out14:
0x0414	0x0EC0      	MOVLW       192
0x0416	0x6E3A      	MOVWF       FARG_Lcd_Out_row 
0x0418	0xD016      	BRA         L_Lcd_Out12
;__Lib_Lcd.c,190 :: 		
L_Lcd_Out15:
0x041A	0x0E94      	MOVLW       148
0x041C	0x6E3A      	MOVWF       FARG_Lcd_Out_row 
0x041E	0xD013      	BRA         L_Lcd_Out12
;__Lib_Lcd.c,191 :: 		
L_Lcd_Out16:
0x0420	0x0ED4      	MOVLW       212
0x0422	0x6E3A      	MOVWF       FARG_Lcd_Out_row 
0x0424	0xD010      	BRA         L_Lcd_Out12
;__Lib_Lcd.c,192 :: 		
L_Lcd_Out17:
0x0426	0x0E80      	MOVLW       128
0x0428	0x6E3A      	MOVWF       FARG_Lcd_Out_row 
;__Lib_Lcd.c,193 :: 		
0x042A	0xD00D      	BRA         L_Lcd_Out12
L_Lcd_Out11:
0x042C	0x503A      	MOVF        FARG_Lcd_Out_row, 0 
0x042E	0x0A01      	XORLW       1
0x0430	0xE0EE      	BZ          L_Lcd_Out13
0x0432	0x503A      	MOVF        FARG_Lcd_Out_row, 0 
0x0434	0x0A02      	XORLW       2
0x0436	0xE0EE      	BZ          L_Lcd_Out14
0x0438	0x503A      	MOVF        FARG_Lcd_Out_row, 0 
0x043A	0x0A03      	XORLW       3
0x043C	0xE0EE      	BZ          L_Lcd_Out15
0x043E	0x503A      	MOVF        FARG_Lcd_Out_row, 0 
0x0440	0x0A04      	XORLW       4
0x0442	0xE0EE      	BZ          L_Lcd_Out16
0x0444	0xD7F0      	BRA         L_Lcd_Out17
L_Lcd_Out12:
;__Lib_Lcd.c,194 :: 		
0x0446	0x043B      	DECF        FARG_Lcd_Out_column, 0 
0x0448	0x6E00      	MOVWF       R0 
0x044A	0x503A      	MOVF        FARG_Lcd_Out_row, 0 
0x044C	0x2600      	ADDWF       R0, 1 
0x044E	0xF03AC000  	MOVFF       R0, FARG_Lcd_Out_row
;__Lib_Lcd.c,196 :: 		
0x0452	0xF04BC000  	MOVFF       R0, FARG_Lcd_Cmd_out_char
0x0456	0xDE10      	RCALL       _Lcd_Cmd
;__Lib_Lcd.c,197 :: 		
0x0458	0x902C      	BCF         __Lib_Lcd_cmd_status, BitPos(__Lib_Lcd_cmd_status+0) 
;__Lib_Lcd.c,198 :: 		
0x045A	0x6A3E      	CLRF        Lcd_Out_i_L0 
;__Lib_Lcd.c,199 :: 		
L_Lcd_Out18:
0x045C	0x503E      	MOVF        Lcd_Out_i_L0, 0 
0x045E	0x243C      	ADDWF       FARG_Lcd_Out_text, 0 
0x0460	0x6EE9      	MOVWF       FSR0L 
0x0462	0x0E00      	MOVLW       0
0x0464	0x203D      	ADDWFC      FARG_Lcd_Out_text+1, 0 
0x0466	0x6EEA      	MOVWF       FSR0H 
0x0468	0x52EE      	MOVF        POSTINC0, 1 
0x046A	0xE00B      	BZ          L_Lcd_Out19
;__Lib_Lcd.c,200 :: 		
0x046C	0x503E      	MOVF        Lcd_Out_i_L0, 0 
0x046E	0x243C      	ADDWF       FARG_Lcd_Out_text, 0 
0x0470	0x6EE9      	MOVWF       FSR0L 
0x0472	0x0E00      	MOVLW       0
0x0474	0x203D      	ADDWFC      FARG_Lcd_Out_text+1, 0 
0x0476	0x6EEA      	MOVWF       FSR0H 
0x0478	0xF044CFEE  	MOVFF       POSTINC0, FARG_Lcd_Chr_CP_out_char
0x047C	0xDFC1      	RCALL       _Lcd_Chr_CP
0x047E	0x2A3E      	INCF        Lcd_Out_i_L0, 1 
0x0480	0xD7ED      	BRA         L_Lcd_Out18
L_Lcd_Out19:
;__Lib_Lcd.c,201 :: 		
0x0482	0x802C      	BSF         __Lib_Lcd_cmd_status, BitPos(__Lib_Lcd_cmd_status+0) 
;__Lib_Lcd.c,202 :: 		
L_end_Lcd_Out:
0x0484	0x0012      	RETURN      0
; end of _Lcd_Out
_Lcd_Init:
;__Lib_Lcd.c,84 :: 		
;__Lib_Lcd.c,86 :: 		
0x0486	0x9293      	BCF         LCD_EN_Direction, BitPos(LCD_EN_Direction+0) 
;__Lib_Lcd.c,87 :: 		
0x0488	0x9093      	BCF         LCD_RS_Direction, BitPos(LCD_RS_Direction+0) 
;__Lib_Lcd.c,88 :: 		
0x048A	0x9493      	BCF         LCD_D4_Direction, BitPos(LCD_D4_Direction+0) 
;__Lib_Lcd.c,89 :: 		
0x048C	0x9693      	BCF         LCD_D5_Direction, BitPos(LCD_D5_Direction+0) 
;__Lib_Lcd.c,90 :: 		
0x048E	0x9893      	BCF         LCD_D6_Direction, BitPos(LCD_D6_Direction+0) 
;__Lib_Lcd.c,91 :: 		
0x0490	0x9A93      	BCF         LCD_D7_Direction, BitPos(LCD_D7_Direction+0) 
;__Lib_Lcd.c,93 :: 		
0x0492	0x9281      	BCF         LCD_EN, BitPos(LCD_EN+0) 
;__Lib_Lcd.c,94 :: 		
0x0494	0x9081      	BCF         LCD_RS, BitPos(LCD_RS+0) 
;__Lib_Lcd.c,95 :: 		
0x0496	0x9A81      	BCF         LCD_D7, BitPos(LCD_D7+0) 
;__Lib_Lcd.c,96 :: 		
0x0498	0x9881      	BCF         LCD_D6, BitPos(LCD_D6+0) 
;__Lib_Lcd.c,97 :: 		
0x049A	0x9681      	BCF         LCD_D5, BitPos(LCD_D5+0) 
;__Lib_Lcd.c,98 :: 		
0x049C	0x9481      	BCF         LCD_D4, BitPos(LCD_D4+0) 
;__Lib_Lcd.c,100 :: 		
0x049E	0xDDC3      	RCALL       _Delay_5500us
;__Lib_Lcd.c,101 :: 		
0x04A0	0xDDC2      	RCALL       _Delay_5500us
;__Lib_Lcd.c,102 :: 		
0x04A2	0xDDC1      	RCALL       _Delay_5500us
;__Lib_Lcd.c,105 :: 		
0x04A4	0x8681      	BSF         LCD_D5, BitPos(LCD_D5+0) 
;__Lib_Lcd.c,106 :: 		
0x04A6	0x8481      	BSF         LCD_D4, BitPos(LCD_D4+0) 
;__Lib_Lcd.c,107 :: 		
0x04A8	0x8281      	BSF         LCD_EN, BitPos(LCD_EN+0) 
;__Lib_Lcd.c,108 :: 		
0x04AA	0xDDC8      	RCALL       _Delay_1us
;__Lib_Lcd.c,109 :: 		
0x04AC	0x9281      	BCF         LCD_EN, BitPos(LCD_EN+0) 
;__Lib_Lcd.c,110 :: 		
0x04AE	0xDDBB      	RCALL       _Delay_5500us
;__Lib_Lcd.c,112 :: 		
0x04B0	0x8281      	BSF         LCD_EN, BitPos(LCD_EN+0) 
;__Lib_Lcd.c,113 :: 		
0x04B2	0xDDC4      	RCALL       _Delay_1us
;__Lib_Lcd.c,114 :: 		
0x04B4	0x9281      	BCF         LCD_EN, BitPos(LCD_EN+0) 
;__Lib_Lcd.c,115 :: 		
0x04B6	0xDDB7      	RCALL       _Delay_5500us
;__Lib_Lcd.c,117 :: 		
0x04B8	0x8281      	BSF         LCD_EN, BitPos(LCD_EN+0) 
;__Lib_Lcd.c,118 :: 		
0x04BA	0xDDC0      	RCALL       _Delay_1us
;__Lib_Lcd.c,119 :: 		
0x04BC	0x9281      	BCF         LCD_EN, BitPos(LCD_EN+0) 
;__Lib_Lcd.c,120 :: 		
0x04BE	0xDDB3      	RCALL       _Delay_5500us
;__Lib_Lcd.c,123 :: 		
0x04C0	0x9481      	BCF         LCD_D4, BitPos(LCD_D4+0) 
;__Lib_Lcd.c,124 :: 		
0x04C2	0x8281      	BSF         LCD_EN, BitPos(LCD_EN+0) 
;__Lib_Lcd.c,125 :: 		
0x04C4	0xDDBB      	RCALL       _Delay_1us
;__Lib_Lcd.c,126 :: 		
0x04C6	0x9281      	BCF         LCD_EN, BitPos(LCD_EN+0) 
;__Lib_Lcd.c,127 :: 		
0x04C8	0xDDAE      	RCALL       _Delay_5500us
;__Lib_Lcd.c,130 :: 		
0x04CA	0x8281      	BSF         LCD_EN, BitPos(LCD_EN+0) 
;__Lib_Lcd.c,131 :: 		
0x04CC	0xDDB7      	RCALL       _Delay_1us
;__Lib_Lcd.c,132 :: 		
0x04CE	0x9281      	BCF         LCD_EN, BitPos(LCD_EN+0) 
;__Lib_Lcd.c,134 :: 		
0x04D0	0x9681      	BCF         LCD_D5, BitPos(LCD_D5+0) 
;__Lib_Lcd.c,135 :: 		
0x04D2	0x8A81      	BSF         LCD_D7, BitPos(LCD_D7+0) 
;__Lib_Lcd.c,136 :: 		
0x04D4	0x8281      	BSF         LCD_EN, BitPos(LCD_EN+0) 
;__Lib_Lcd.c,137 :: 		
0x04D6	0xDDB2      	RCALL       _Delay_1us
;__Lib_Lcd.c,138 :: 		
0x04D8	0x9281      	BCF         LCD_EN, BitPos(LCD_EN+0) 
;__Lib_Lcd.c,139 :: 		
0x04DA	0xDDA5      	RCALL       _Delay_5500us
;__Lib_Lcd.c,142 :: 		
0x04DC	0x9A81      	BCF         LCD_D7, BitPos(LCD_D7+0) 
;__Lib_Lcd.c,143 :: 		
0x04DE	0x8481      	BSF         LCD_D4, BitPos(LCD_D4+0) 
;__Lib_Lcd.c,144 :: 		
0x04E0	0x8281      	BSF         LCD_EN, BitPos(LCD_EN+0) 
;__Lib_Lcd.c,145 :: 		
0x04E2	0xDDAC      	RCALL       _Delay_1us
;__Lib_Lcd.c,146 :: 		
0x04E4	0x9281      	BCF         LCD_EN, BitPos(LCD_EN+0) 
;__Lib_Lcd.c,148 :: 		
0x04E6	0x9481      	BCF         LCD_D4, BitPos(LCD_D4+0) 
;__Lib_Lcd.c,149 :: 		
0x04E8	0x8281      	BSF         LCD_EN, BitPos(LCD_EN+0) 
;__Lib_Lcd.c,150 :: 		
0x04EA	0xDDA8      	RCALL       _Delay_1us
;__Lib_Lcd.c,151 :: 		
0x04EC	0x9281      	BCF         LCD_EN, BitPos(LCD_EN+0) 
;__Lib_Lcd.c,152 :: 		
0x04EE	0xDD9B      	RCALL       _Delay_5500us
;__Lib_Lcd.c,155 :: 		
0x04F0	0x8281      	BSF         LCD_EN, BitPos(LCD_EN+0) 
;__Lib_Lcd.c,156 :: 		
0x04F2	0xDDA4      	RCALL       _Delay_1us
;__Lib_Lcd.c,157 :: 		
0x04F4	0x9281      	BCF         LCD_EN, BitPos(LCD_EN+0) 
;__Lib_Lcd.c,159 :: 		
0x04F6	0x8481      	BSF         LCD_D4, BitPos(LCD_D4+0) 
;__Lib_Lcd.c,160 :: 		
0x04F8	0x8281      	BSF         LCD_EN, BitPos(LCD_EN+0) 
;__Lib_Lcd.c,161 :: 		
0x04FA	0xDDA0      	RCALL       _Delay_1us
;__Lib_Lcd.c,162 :: 		
0x04FC	0x9281      	BCF         LCD_EN, BitPos(LCD_EN+0) 
;__Lib_Lcd.c,163 :: 		
0x04FE	0xDD93      	RCALL       _Delay_5500us
;__Lib_Lcd.c,166 :: 		
0x0500	0x9481      	BCF         LCD_D4, BitPos(LCD_D4+0) 
;__Lib_Lcd.c,167 :: 		
0x0502	0x8281      	BSF         LCD_EN, BitPos(LCD_EN+0) 
;__Lib_Lcd.c,168 :: 		
0x0504	0xDD9B      	RCALL       _Delay_1us
;__Lib_Lcd.c,169 :: 		
0x0506	0x9281      	BCF         LCD_EN, BitPos(LCD_EN+0) 
;__Lib_Lcd.c,171 :: 		
0x0508	0x8A81      	BSF         LCD_D7, BitPos(LCD_D7+0) 
;__Lib_Lcd.c,172 :: 		
0x050A	0x8881      	BSF         LCD_D6, BitPos(LCD_D6+0) 
;__Lib_Lcd.c,173 :: 		
0x050C	0x8681      	BSF         LCD_D5, BitPos(LCD_D5+0) 
;__Lib_Lcd.c,174 :: 		
0x050E	0x8481      	BSF         LCD_D4, BitPos(LCD_D4+0) 
;__Lib_Lcd.c,175 :: 		
0x0510	0x8281      	BSF         LCD_EN, BitPos(LCD_EN+0) 
;__Lib_Lcd.c,176 :: 		
0x0512	0xDD94      	RCALL       _Delay_1us
;__Lib_Lcd.c,177 :: 		
0x0514	0x9281      	BCF         LCD_EN, BitPos(LCD_EN+0) 
;__Lib_Lcd.c,179 :: 		
0x0516	0xDD87      	RCALL       _Delay_5500us
;__Lib_Lcd.c,181 :: 		
0x0518	0x802C      	BSF         __Lib_Lcd_cmd_status, BitPos(__Lib_Lcd_cmd_status+0) 
;__Lib_Lcd.c,182 :: 		
L_end_Lcd_Init:
0x051A	0x0012      	RETURN      0
; end of _Lcd_Init
___CC2DW:
;__Lib_System.c,21 :: 		
;__Lib_System.c,23 :: 		
_CC2DL_Loop1:
;__Lib_System.c,24 :: 		
0x051C	0x0009      	TBLRD*+
;__Lib_System.c,25 :: 		
0x051E	0xFFE6CFF5  	MOVFF       TABLAT, POSTINC1
;__Lib_System.c,26 :: 		
0x0522	0x0600      	DECF        R0, 1, 0
;__Lib_System.c,27 :: 		
0x0524	0xE1FB      	BNZ         _CC2DL_Loop1
;__Lib_System.c,28 :: 		
0x0526	0x0601      	DECF        R1, 1, 0
;__Lib_System.c,29 :: 		
0x0528	0xE1F9      	BNZ         _CC2DL_Loop1
;__Lib_System.c,31 :: 		
L_end___CC2DW:
0x052A	0x0012      	RETURN      0
; end of ___CC2DW
_ADC_Read:
;__Lib_ADC_A_D.c,35 :: 		
;__Lib_ADC_A_D.c,38 :: 		
0x052C	0x6AC2      	CLRF        ADCON0 
;__Lib_ADC_A_D.c,39 :: 		
0x052E	0x0E07      	MOVLW       7
0x0530	0x12C0      	IORWF       ADCON2, 1 
;__Lib_ADC_A_D.c,40 :: 		
0x0532	0x8EC0      	BSF         ADCON2, 7 
;__Lib_ADC_A_D.c,41 :: 		
0x0534	0xF000C03A  	MOVFF       FARG_ADC_Read_channel, R0
0x0538	0x3600      	RLCF        R0, 1 
0x053A	0x9000      	BCF         R0, 0 
0x053C	0x3600      	RLCF        R0, 1 
0x053E	0x9000      	BCF         R0, 0 
0x0540	0x5000      	MOVF        R0, 0 
0x0542	0x12C2      	IORWF       ADCON0, 1 
;__Lib_ADC_A_D.c,42 :: 		
0x0544	0x80C2      	BSF         ADCON0, 0 
;__Lib_ADC_A_D.c,43 :: 		
0x0546	0xDDD6      	RCALL       _Delay_22us
;__Lib_ADC_A_D.c,44 :: 		
0x0548	0x82C2      	BSF         ADCON0, 1 
;__Lib_ADC_A_D.c,45 :: 		
L_ADC_Read2:
0x054A	0xA2C2      	BTFSS       ADCON0, 1 
0x054C	0xD001      	BRA         L_ADC_Read3
;__Lib_ADC_A_D.c,46 :: 		
0x054E	0xD7FD      	BRA         L_ADC_Read2
L_ADC_Read3:
;__Lib_ADC_A_D.c,47 :: 		
0x0550	0xF001CFC4  	MOVFF       ADRESH, R1
0x0554	0x6A00      	CLRF        R0 
;__Lib_ADC_A_D.c,48 :: 		
0x0556	0x50C3      	MOVF        ADRESL, 0 
0x0558	0x1200      	IORWF       R0, 1 
0x055A	0x0E00      	MOVLW       0
0x055C	0x1201      	IORWF       R1, 1 
;__Lib_ADC_A_D.c,49 :: 		
0x055E	0x90C2      	BCF         ADCON0, 0 
;__Lib_ADC_A_D.c,51 :: 		
;__Lib_ADC_A_D.c,52 :: 		
L_end_ADC_Read:
0x0560	0x0012      	RETURN      0
; end of _ADC_Read
_Mul_32x32_U:
;__Lib_Math.c,1616 :: 		
;__Lib_Math.c,1631 :: 		
0x0562	0x0E22      	MOVLW       34
;__Lib_Math.c,1632 :: 		
0x0564	0x6E0C      	MOVWF       R12, 0
;__Lib_Math.c,1633 :: 		
0x0566	0x6A08      	CLRF        R8, 0
;__Lib_Math.c,1634 :: 		
0x0568	0x6A09      	CLRF        R9, 0
;__Lib_Math.c,1635 :: 		
0x056A	0x6A0A      	CLRF        R10, 0
;__Lib_Math.c,1636 :: 		
0x056C	0x6A0B      	CLRF        R11, 0
;__Lib_Math.c,1638 :: 		
_NEXT:
;__Lib_Math.c,1642 :: 		
0x056E	0x060C      	DECF        R12, 1, 0
;__Lib_Math.c,1643 :: 		
0x0570	0xB4D8      	BTFSC       STATUS, 2, 0
;__Lib_Math.c,1644 :: 		
0x0572	0xD01F      	BRA         _EXIT2
;__Lib_Math.c,1645 :: 		
0x0574	0x90D8      	BCF         STATUS, 0, 0
;__Lib_Math.c,1647 :: 		
_LOOP:
;__Lib_Math.c,1656 :: 		
0x0576	0x320B      	RRCF        R11, 1, 0
;__Lib_Math.c,1657 :: 		
0x0578	0x320A      	RRCF        R10, 1, 0
;__Lib_Math.c,1658 :: 		
0x057A	0x3209      	RRCF        R9, 1, 0
;__Lib_Math.c,1659 :: 		
0x057C	0x3208      	RRCF        R8, 1, 0
;__Lib_Math.c,1660 :: 		
0x057E	0x3203      	RRCF        R3, 1, 0
;__Lib_Math.c,1661 :: 		
0x0580	0x3202      	RRCF        R2, 1, 0
;__Lib_Math.c,1662 :: 		
0x0582	0x3201      	RRCF        R1, 1, 0
;__Lib_Math.c,1663 :: 		
0x0584	0x3200      	RRCF        R0, 1, 0
;__Lib_Math.c,1668 :: 		
0x0586	0xA0D8      	BTFSS       STATUS, 0, 0
;__Lib_Math.c,1669 :: 		
0x0588	0xD7F2      	BRA         _NEXT
;__Lib_Math.c,1670 :: 		
0x058A	0x060C      	DECF        R12, 1, 0
;__Lib_Math.c,1671 :: 		
0x058C	0xB4D8      	BTFSC       STATUS, 2, 0
;__Lib_Math.c,1672 :: 		
0x058E	0xD009      	BRA         _EXIT1
;__Lib_Math.c,1679 :: 		
0x0590	0x5004      	MOVF        R4, 0, 0
;__Lib_Math.c,1680 :: 		
0x0592	0x2608      	ADDWF       R8, 1, 0
;__Lib_Math.c,1681 :: 		
0x0594	0x5005      	MOVF        R5, 0, 0
;__Lib_Math.c,1684 :: 		
0x0596	0x2209      	ADDWFC      R9, 1, 0
;__Lib_Math.c,1685 :: 		
0x0598	0x5006      	MOVF        R6, 0, 0
;__Lib_Math.c,1688 :: 		
0x059A	0x220A      	ADDWFC      R10, 1, 0
;__Lib_Math.c,1689 :: 		
0x059C	0x5007      	MOVF        R7, 0, 0
;__Lib_Math.c,1692 :: 		
0x059E	0x220B      	ADDWFC      R11, 1, 0
;__Lib_Math.c,1694 :: 		
0x05A0	0xD7EA      	BRA         _LOOP
;__Lib_Math.c,1696 :: 		
_EXIT1:
;__Lib_Math.c,1701 :: 		
0x05A2	0x5004      	MOVF        R4, 0, 0
;__Lib_Math.c,1702 :: 		
0x05A4	0x2608      	ADDWF       R8, 1, 0
;__Lib_Math.c,1703 :: 		
0x05A6	0x5005      	MOVF        R5, 0, 0
;__Lib_Math.c,1706 :: 		
0x05A8	0x2209      	ADDWFC      R9, 1, 0
;__Lib_Math.c,1707 :: 		
0x05AA	0x5006      	MOVF        R6, 0, 0
;__Lib_Math.c,1710 :: 		
0x05AC	0x220A      	ADDWFC      R10, 1, 0
;__Lib_Math.c,1711 :: 		
0x05AE	0x5007      	MOVF        R7, 0, 0
;__Lib_Math.c,1714 :: 		
0x05B0	0x220B      	ADDWFC      R11, 1, 0
;__Lib_Math.c,1717 :: 		
_EXIT2:
;__Lib_Math.c,1719 :: 		
L_end_Mul_32x32_U:
0x05B2	0x0012      	RETURN      0
; end of _Mul_32x32_U
_Div_32x32_S:
;__Lib_Math.c,942 :: 		
;__Lib_Math.c,955 :: 		
0x05B4	0x5004      	MOVF        R4, 0 
0x05B6	0x0A00      	XORLW       0
0x05B8	0xE112      	BNZ         L_Div_32x32_S6
;__Lib_Math.c,956 :: 		
0x05BA	0x5005      	MOVF        R5, 0 
0x05BC	0x0A00      	XORLW       0
0x05BE	0xE10F      	BNZ         L_Div_32x32_S7
;__Lib_Math.c,957 :: 		
0x05C0	0x5006      	MOVF        R6, 0 
0x05C2	0x0A00      	XORLW       0
0x05C4	0xE10C      	BNZ         L_Div_32x32_S8
;__Lib_Math.c,958 :: 		
0x05C6	0x5007      	MOVF        R7, 0 
0x05C8	0x0A00      	XORLW       0
0x05CA	0xE109      	BNZ         L_Div_32x32_S9
;__Lib_Math.c,959 :: 		
0x05CC	0x0EFF      	MOVLW       255
0x05CE	0x6E00      	MOVWF       R0 
;__Lib_Math.c,960 :: 		
0x05D0	0x0EFF      	MOVLW       255
0x05D2	0x6E01      	MOVWF       R1 
;__Lib_Math.c,961 :: 		
0x05D4	0x0EFF      	MOVLW       255
0x05D6	0x6E02      	MOVWF       R2 
;__Lib_Math.c,962 :: 		
0x05D8	0x0E7F      	MOVLW       127
0x05DA	0x6E03      	MOVWF       R3 
;__Lib_Math.c,963 :: 		
0x05DC	0xD097      	BRA         L_end_Div_32x32_S
;__Lib_Math.c,964 :: 		
L_Div_32x32_S9:
L_Div_32x32_S8:
L_Div_32x32_S7:
L_Div_32x32_S6:
;__Lib_Math.c,968 :: 		
0x05DE	0x6A0C      	CLRF        R12, 0
;__Lib_Math.c,969 :: 		
0x05E0	0xBE07      	BTFSC       R7, 7, 0
;__Lib_Math.c,970 :: 		
0x05E2	0x2A0C      	INCF        R12, 1, 0
;__Lib_Math.c,972 :: 		
0x05E4	0x6A0D      	CLRF        R13, 0
;__Lib_Math.c,973 :: 		
0x05E6	0x6A0B      	CLRF        R11, 0
;__Lib_Math.c,974 :: 		
0x05E8	0x6A0A      	CLRF        R10, 0
;__Lib_Math.c,975 :: 		
0x05EA	0x6A09      	CLRF        R9, 0
;__Lib_Math.c,976 :: 		
0x05EC	0x6A08      	CLRF        R8, 0
;__Lib_Math.c,977 :: 		
0x05EE	0x5003      	MOVF        R3, 0, 0
;__Lib_Math.c,978 :: 		
0x05F0	0x1002      	IORWF       R2, 0, 0
;__Lib_Math.c,979 :: 		
0x05F2	0x1001      	IORWF       R1, 0, 0
;__Lib_Math.c,980 :: 		
0x05F4	0x1000      	IORWF       R0, 0, 0
;__Lib_Math.c,981 :: 		
0x05F6	0xB4D8      	BTFSC       STATUS, 2, 0
;__Lib_Math.c,982 :: 		
0x05F8	0xD084      	BRA         END_ALL
;__Lib_Math.c,986 :: 		
0x05FA	0x5003      	MOVF        R3, 0, 0
;__Lib_Math.c,987 :: 		
0x05FC	0x1807      	XORWF       R7, 0, 0
;__Lib_Math.c,988 :: 		
0x05FE	0x6E0E      	MOVWF       R14, 0
;__Lib_Math.c,989 :: 		
0x0600	0xBE0E      	BTFSC       R14, 7, 0
;__Lib_Math.c,990 :: 		
0x0602	0x1E0D      	COMF        R13, 1, 0
;__Lib_Math.c,993 :: 		
0x0604	0xAE07      	BTFSS       R7, 7, 0
;__Lib_Math.c,994 :: 		
0x0606	0xD00B      	BRA         CA3232S
;__Lib_Math.c,996 :: 		
0x0608	0x1E04      	COMF        R4, 1, 0
;__Lib_Math.c,997 :: 		
0x060A	0x1E05      	COMF        R5, 1, 0
;__Lib_Math.c,998 :: 		
0x060C	0x1E06      	COMF        R6, 1, 0
;__Lib_Math.c,999 :: 		
0x060E	0x1E07      	COMF        R7, 1, 0
;__Lib_Math.c,1000 :: 		
0x0610	0x2A04      	INCF        R4, 1, 0
;__Lib_Math.c,1001 :: 		
0x0612	0xB4D8      	BTFSC       STATUS, 2, 0
;__Lib_Math.c,1002 :: 		
0x0614	0x2A05      	INCF        R5, 1, 0
;__Lib_Math.c,1003 :: 		
0x0616	0xB4D8      	BTFSC       STATUS, 2, 0
;__Lib_Math.c,1004 :: 		
0x0618	0x2A06      	INCF        R6, 1, 0
;__Lib_Math.c,1005 :: 		
0x061A	0xB4D8      	BTFSC       STATUS, 2, 0
;__Lib_Math.c,1006 :: 		
0x061C	0x2A07      	INCF        R7, 1, 0
;__Lib_Math.c,1008 :: 		
CA3232S:
;__Lib_Math.c,1009 :: 		
0x061E	0xAE03      	BTFSS       R3, 7, 0
;__Lib_Math.c,1010 :: 		
0x0620	0xD00B      	BRA         C3232SX
;__Lib_Math.c,1012 :: 		
0x0622	0x1E00      	COMF        R0, 1, 0
;__Lib_Math.c,1013 :: 		
0x0624	0x1E01      	COMF        R1, 1, 0
;__Lib_Math.c,1014 :: 		
0x0626	0x1E02      	COMF        R2, 1, 0
;__Lib_Math.c,1015 :: 		
0x0628	0x1E03      	COMF        R3, 1, 0
;__Lib_Math.c,1016 :: 		
0x062A	0x2A00      	INCF        R0, 1, 0
;__Lib_Math.c,1017 :: 		
0x062C	0xB4D8      	BTFSC       STATUS, 2, 0
;__Lib_Math.c,1018 :: 		
0x062E	0x2A01      	INCF        R1, 1, 0
;__Lib_Math.c,1019 :: 		
0x0630	0xB4D8      	BTFSC       STATUS, 2, 0
;__Lib_Math.c,1020 :: 		
0x0632	0x2A02      	INCF        R2, 1, 0
;__Lib_Math.c,1021 :: 		
0x0634	0xB4D8      	BTFSC       STATUS, 2, 0
;__Lib_Math.c,1022 :: 		
0x0636	0x2A03      	INCF        R3, 1, 0
;__Lib_Math.c,1024 :: 		
C3232SX:
;__Lib_Math.c,1025 :: 		
0x0638	0x5003      	MOVF        R3, 0, 0
;__Lib_Math.c,1026 :: 		
0x063A	0x1007      	IORWF       R7, 0, 0
;__Lib_Math.c,1027 :: 		
0x063C	0x6E0E      	MOVWF       R14, 0
;__Lib_Math.c,1028 :: 		
0x063E	0xBE0E      	BTFSC       R14, 7, 0
;__Lib_Math.c,1029 :: 		
0x0640	0xD01C      	BRA         C3232SX1
;__Lib_Math.c,1030 :: 		
C3232S:
;__Lib_Math.c,1034 :: 		
0x0642	0xDDA6      	RCALL       _SDIV3232L
;__Lib_Math.c,1038 :: 		
0x0644	0xBE0C      	BTFSC       R12, 7, 0
;__Lib_Math.c,1039 :: 		
0x0646	0xD036      	BRA         C3232SX4
;__Lib_Math.c,1041 :: 		
C3232SOK:
;__Lib_Math.c,1042 :: 		
0x0648	0xAE0D      	BTFSS       R13, 7, 0
;__Lib_Math.c,1043 :: 		
0x064A	0xD05B      	BRA         END_ALL
;__Lib_Math.c,1045 :: 		
0x064C	0x1E00      	COMF        R0, 1, 0
;__Lib_Math.c,1046 :: 		
0x064E	0x1E01      	COMF        R1, 1, 0
;__Lib_Math.c,1047 :: 		
0x0650	0x1E02      	COMF        R2, 1, 0
;__Lib_Math.c,1048 :: 		
0x0652	0x1E03      	COMF        R3, 1, 0
;__Lib_Math.c,1049 :: 		
0x0654	0x2A00      	INCF        R0, 1, 0
;__Lib_Math.c,1050 :: 		
0x0656	0xB4D8      	BTFSC       STATUS, 2, 0
;__Lib_Math.c,1051 :: 		
0x0658	0x2A01      	INCF        R1, 1, 0
;__Lib_Math.c,1052 :: 		
0x065A	0xB4D8      	BTFSC       STATUS, 2, 0
;__Lib_Math.c,1053 :: 		
0x065C	0x2A02      	INCF        R2, 1, 0
;__Lib_Math.c,1054 :: 		
0x065E	0xB4D8      	BTFSC       STATUS, 2, 0
;__Lib_Math.c,1055 :: 		
0x0660	0x2A03      	INCF        R3, 1, 0
;__Lib_Math.c,1057 :: 		
0x0662	0x1E08      	COMF        R8, 1, 0
;__Lib_Math.c,1058 :: 		
0x0664	0x1E09      	COMF        R9, 1, 0
;__Lib_Math.c,1059 :: 		
0x0666	0x1E0A      	COMF        R10, 1, 0
;__Lib_Math.c,1060 :: 		
0x0668	0x1E0B      	COMF        R11, 1, 0
;__Lib_Math.c,1061 :: 		
0x066A	0x2A08      	INCF        R8, 1, 0
;__Lib_Math.c,1062 :: 		
0x066C	0xB4D8      	BTFSC       STATUS, 2, 0
;__Lib_Math.c,1063 :: 		
0x066E	0x2A09      	INCF        R9, 1, 0
;__Lib_Math.c,1064 :: 		
0x0670	0xB4D8      	BTFSC       STATUS, 2, 0
;__Lib_Math.c,1065 :: 		
0x0672	0x2A0A      	INCF        R10, 1, 0
;__Lib_Math.c,1066 :: 		
0x0674	0xB4D8      	BTFSC       STATUS, 2, 0
;__Lib_Math.c,1067 :: 		
0x0676	0x2A0B      	INCF        R11, 1, 0
;__Lib_Math.c,1068 :: 		
0x0678	0xD044      	BRA         END_ALL
;__Lib_Math.c,1069 :: 		
C3232SX1:
;__Lib_Math.c,1072 :: 		
0x067A	0xAE07      	BTFSS       R7, 7, 0
;__Lib_Math.c,1073 :: 		
0x067C	0xD015      	BRA         C3232SX3
;__Lib_Math.c,1074 :: 		
0x067E	0xBE03      	BTFSC       R3, 7, 0
;__Lib_Math.c,1075 :: 		
0x0680	0xD00D      	BRA         C3232SX2
;__Lib_Math.c,1076 :: 		
0x0682	0x5003      	MOVF        R3, 0, 0
;__Lib_Math.c,1077 :: 		
0x0684	0x6E0B      	MOVWF       R11, 0
;__Lib_Math.c,1078 :: 		
0x0686	0x5002      	MOVF        R2, 0, 0
;__Lib_Math.c,1079 :: 		
0x0688	0x6E0A      	MOVWF       R10, 0
;__Lib_Math.c,1080 :: 		
0x068A	0x5001      	MOVF        R1, 0, 0
;__Lib_Math.c,1081 :: 		
0x068C	0x6E09      	MOVWF       R9, 0
;__Lib_Math.c,1082 :: 		
0x068E	0x5000      	MOVF        R0, 0, 0
;__Lib_Math.c,1083 :: 		
0x0690	0x6E08      	MOVWF       R8, 0
;__Lib_Math.c,1084 :: 		
0x0692	0x6A03      	CLRF        R3, 0
;__Lib_Math.c,1085 :: 		
0x0694	0x6A02      	CLRF        R2, 0
;__Lib_Math.c,1086 :: 		
0x0696	0x6A01      	CLRF        R1, 0
;__Lib_Math.c,1087 :: 		
0x0698	0x6A00      	CLRF        R0, 0
;__Lib_Math.c,1088 :: 		
0x069A	0xD7D6      	BRA         C3232SOK
;__Lib_Math.c,1089 :: 		
C3232SX2:
;__Lib_Math.c,1090 :: 		
0x069C	0x6A03      	CLRF        R3, 0
;__Lib_Math.c,1091 :: 		
0x069E	0x6A02      	CLRF        R2, 0
;__Lib_Math.c,1092 :: 		
0x06A0	0x6A01      	CLRF        R1, 0
;__Lib_Math.c,1093 :: 		
0x06A2	0x6A00      	CLRF        R0, 0
;__Lib_Math.c,1094 :: 		
0x06A4	0x2A00      	INCF        R0, 1, 0
;__Lib_Math.c,1095 :: 		
0x06A6	0x0C00      	RETLW       0
;__Lib_Math.c,1097 :: 		
C3232SX3:
;__Lib_Math.c,1098 :: 		
0x06A8	0x1E03      	COMF        R3, 1, 0
;__Lib_Math.c,1099 :: 		
0x06AA	0x1E02      	COMF        R2, 1, 0
;__Lib_Math.c,1100 :: 		
0x06AC	0x1E01      	COMF        R1, 1, 0
;__Lib_Math.c,1101 :: 		
0x06AE	0x1E00      	COMF        R0, 1, 0
;__Lib_Math.c,1103 :: 		
0x06B0	0x8E0C      	BSF         R12, 7, 0
;__Lib_Math.c,1104 :: 		
0x06B2	0xD7C7      	BRA         C3232S
;__Lib_Math.c,1105 :: 		
C3232SX4:
;__Lib_Math.c,1108 :: 		
0x06B4	0x2A08      	INCF        R8, 1, 0
;__Lib_Math.c,1109 :: 		
0x06B6	0xB4D8      	BTFSC       STATUS, 2, 0
;__Lib_Math.c,1110 :: 		
0x06B8	0x2A09      	INCF        R9, 1, 0
;__Lib_Math.c,1111 :: 		
0x06BA	0xB4D8      	BTFSC       STATUS, 2, 0
;__Lib_Math.c,1112 :: 		
0x06BC	0x2A0A      	INCF        R10, 1, 0
;__Lib_Math.c,1113 :: 		
0x06BE	0xB4D8      	BTFSC       STATUS, 2, 0
;__Lib_Math.c,1114 :: 		
0x06C0	0x2A0B      	INCF        R11, 1, 0
;__Lib_Math.c,1115 :: 		
0x06C2	0x5004      	MOVF        R4, 0, 0
;__Lib_Math.c,1116 :: 		
0x06C4	0x5C08      	SUBWF       R8, 0, 0
;__Lib_Math.c,1117 :: 		
0x06C6	0xA4D8      	BTFSS       STATUS, 2, 0
;__Lib_Math.c,1118 :: 		
0x06C8	0xD7BF      	BRA         C3232SOK
;__Lib_Math.c,1119 :: 		
0x06CA	0x5005      	MOVF        R5, 0, 0
;__Lib_Math.c,1120 :: 		
0x06CC	0x5C09      	SUBWF       R9, 0, 0
;__Lib_Math.c,1121 :: 		
0x06CE	0xA4D8      	BTFSS       STATUS, 2, 0
;__Lib_Math.c,1122 :: 		
0x06D0	0xD7BB      	BRA         C3232SOK
;__Lib_Math.c,1123 :: 		
0x06D2	0x5006      	MOVF        R6, 0, 0
;__Lib_Math.c,1124 :: 		
0x06D4	0x5C0A      	SUBWF       R10, 0, 0
;__Lib_Math.c,1125 :: 		
0x06D6	0xA4D8      	BTFSS       STATUS, 2, 0
;__Lib_Math.c,1126 :: 		
0x06D8	0xD7B7      	BRA         C3232SOK
;__Lib_Math.c,1127 :: 		
0x06DA	0x5007      	MOVF        R7, 0, 0
;__Lib_Math.c,1128 :: 		
0x06DC	0x5C0B      	SUBWF       R11, 0, 0
;__Lib_Math.c,1129 :: 		
0x06DE	0xA4D8      	BTFSS       STATUS, 2, 0
;__Lib_Math.c,1130 :: 		
0x06E0	0xD7B3      	BRA         C3232SOK
;__Lib_Math.c,1131 :: 		
0x06E2	0x6A0B      	CLRF        R11, 0
;__Lib_Math.c,1132 :: 		
0x06E4	0x6A0A      	CLRF        R10, 0
;__Lib_Math.c,1133 :: 		
0x06E6	0x6A09      	CLRF        R9, 0
;__Lib_Math.c,1134 :: 		
0x06E8	0x6A08      	CLRF        R8, 0
;__Lib_Math.c,1135 :: 		
0x06EA	0x2A00      	INCF        R0, 1, 0
;__Lib_Math.c,1136 :: 		
0x06EC	0xB4D8      	BTFSC       STATUS, 2, 0
;__Lib_Math.c,1137 :: 		
0x06EE	0x2A01      	INCF        R1, 1, 0
;__Lib_Math.c,1138 :: 		
0x06F0	0xB4D8      	BTFSC       STATUS, 2, 0
;__Lib_Math.c,1139 :: 		
0x06F2	0x2A02      	INCF        R2, 1, 0
;__Lib_Math.c,1140 :: 		
0x06F4	0xB4D8      	BTFSC       STATUS, 2, 0
;__Lib_Math.c,1141 :: 		
0x06F6	0x2A03      	INCF        R3, 1, 0
;__Lib_Math.c,1142 :: 		
0x06F8	0xAE03      	BTFSS       R3, 7, 0
;__Lib_Math.c,1143 :: 		
0x06FA	0xD7A6      	BRA         C3232SOK
;__Lib_Math.c,1144 :: 		
0x06FC	0x6A0E      	CLRF        R14, 0
;__Lib_Math.c,1145 :: 		
0x06FE	0x880E      	BSF         R14, 4, 0
;__Lib_Math.c,1146 :: 		
0x0700	0x0CFF      	RETLW       255
;__Lib_Math.c,1147 :: 		
END_ALL:
;__Lib_Math.c,1148 :: 		
0x0702	0x6A0E      	CLRF        R14, 0
;__Lib_Math.c,1149 :: 		
0x0704	0xA00C      	BTFSS       R12, 0, 0
;__Lib_Math.c,1150 :: 		
0x0706	0xD001      	BRA         avoid_comfrem
;__Lib_Math.c,1153 :: 		
0x0708	0xDE6F      	RCALL       _COMFREM
;__Lib_Math.c,1155 :: 		
avoid_comfrem:
;__Lib_Math.c,1156 :: 		
0x070A	0x0F00      	ADDLW       0
;__Lib_Math.c,1158 :: 		
L_end_Div_32x32_S:
0x070C	0x0012      	RETURN      0
; end of _Div_32x32_S
_IntToStr:
;__Lib_Conversions.c,146 :: 		
;__Lib_Conversions.c,152 :: 		
0x070E	0x6A40      	CLRF        IntToStr_negative_L0 
0x0710	0x6A41      	CLRF        IntToStr_negative_L0+1 
;__Lib_Conversions.c,153 :: 		
0x0712	0xF042C03A  	MOVFF       FARG_IntToStr_input, IntToStr_inword_L0
0x0716	0xF043C03B  	MOVFF       FARG_IntToStr_input+1, IntToStr_inword_L0+1
;__Lib_Conversions.c,154 :: 		
0x071A	0x0E80      	MOVLW       128
0x071C	0x183B      	XORWF       FARG_IntToStr_input+1, 0 
0x071E	0x6E00      	MOVWF       R0 
0x0720	0x0E80      	MOVLW       128
0x0722	0x5C00      	SUBWF       R0, 0 
0x0724	0xE102      	BNZ         L__IntToStr115
0x0726	0x0E00      	MOVLW       0
0x0728	0x5C3A      	SUBWF       FARG_IntToStr_input, 0 
L__IntToStr115:
0x072A	0xE20B      	BC          L_IntToStr23
;__Lib_Conversions.c,155 :: 		
0x072C	0x0E01      	MOVLW       1
0x072E	0x6E40      	MOVWF       IntToStr_negative_L0 
0x0730	0x0E00      	MOVLW       0
0x0732	0x6E41      	MOVWF       IntToStr_negative_L0+1 
;__Lib_Conversions.c,156 :: 		
0x0734	0x503A      	MOVF        FARG_IntToStr_input, 0 
0x0736	0x0800      	SUBLW       0
0x0738	0x6E42      	MOVWF       IntToStr_inword_L0 
0x073A	0xF043C03B  	MOVFF       FARG_IntToStr_input+1, IntToStr_inword_L0+1
0x073E	0x0E00      	MOVLW       0
0x0740	0x5643      	SUBFWB      IntToStr_inword_L0+1, 1 
;__Lib_Conversions.c,157 :: 		
L_IntToStr23:
;__Lib_Conversions.c,158 :: 		
0x0742	0xF044C042  	MOVFF       IntToStr_inword_L0, FARG_WordToStr_input
0x0746	0xF045C043  	MOVFF       IntToStr_inword_L0+1, FARG_WordToStr_input+1
0x074A	0xF046C03C  	MOVFF       FARG_IntToStr_output, FARG_WordToStr_output
0x074E	0xF047C03D  	MOVFF       FARG_IntToStr_output+1, FARG_WordToStr_output+1
0x0752	0xDCD6      	RCALL       _WordToStr
;__Lib_Conversions.c,160 :: 		
0x0754	0x0E06      	MOVLW       6
0x0756	0x6E3E      	MOVWF       IntToStr_i_L0 
0x0758	0x0E00      	MOVLW       0
0x075A	0x6E3F      	MOVWF       IntToStr_i_L0+1 
;__Lib_Conversions.c,161 :: 		
L_IntToStr24:
0x075C	0x0E00      	MOVLW       0
0x075E	0x6E00      	MOVWF       R0 
0x0760	0x503F      	MOVF        IntToStr_i_L0+1, 0 
0x0762	0x5C00      	SUBWF       R0, 0 
0x0764	0xE102      	BNZ         L__IntToStr116
0x0766	0x503E      	MOVF        IntToStr_i_L0, 0 
0x0768	0x0800      	SUBLW       0
L__IntToStr116:
0x076A	0xE219      	BC          L_IntToStr25
;__Lib_Conversions.c,162 :: 		
0x076C	0x503E      	MOVF        IntToStr_i_L0, 0 
0x076E	0x243C      	ADDWF       FARG_IntToStr_output, 0 
0x0770	0x6EE1      	MOVWF       FSR1L 
0x0772	0x503F      	MOVF        IntToStr_i_L0+1, 0 
0x0774	0x203D      	ADDWFC      FARG_IntToStr_output+1, 0 
0x0776	0x6EE2      	MOVWF       FSR1H 
0x0778	0x0E01      	MOVLW       1
0x077A	0x5C3E      	SUBWF       IntToStr_i_L0, 0 
0x077C	0x6E00      	MOVWF       R0 
0x077E	0x0E00      	MOVLW       0
0x0780	0x583F      	SUBWFB      IntToStr_i_L0+1, 0 
0x0782	0x6E01      	MOVWF       R1 
0x0784	0x5000      	MOVF        R0, 0 
0x0786	0x243C      	ADDWF       FARG_IntToStr_output, 0 
0x0788	0x6EE9      	MOVWF       FSR0L 
0x078A	0x5001      	MOVF        R1, 0 
0x078C	0x203D      	ADDWFC      FARG_IntToStr_output+1, 0 
0x078E	0x6EEA      	MOVWF       FSR0H 
0x0790	0xFFE6CFEE  	MOVFF       POSTINC0, POSTINC1
;__Lib_Conversions.c,163 :: 		
0x0794	0x0E01      	MOVLW       1
0x0796	0x5E3E      	SUBWF       IntToStr_i_L0, 1 
0x0798	0x0E00      	MOVLW       0
0x079A	0x5A3F      	SUBWFB      IntToStr_i_L0+1, 1 
;__Lib_Conversions.c,164 :: 		
0x079C	0xD7DF      	BRA         L_IntToStr24
L_IntToStr25:
;__Lib_Conversions.c,165 :: 		
0x079E	0xFFE1C03C  	MOVFF       FARG_IntToStr_output, FSR1L
0x07A2	0xFFE2C03D  	MOVFF       FARG_IntToStr_output+1, FSR1H
0x07A6	0x0E20      	MOVLW       32
0x07A8	0x6EE6      	MOVWF       POSTINC1 
;__Lib_Conversions.c,166 :: 		
0x07AA	0x5040      	MOVF        IntToStr_negative_L0, 0 
0x07AC	0x1041      	IORWF       IntToStr_negative_L0+1, 0 
0x07AE	0xE01A      	BZ          L_IntToStr26
;__Lib_Conversions.c,167 :: 		
0x07B0	0x6A3E      	CLRF        IntToStr_i_L0 
0x07B2	0x6A3F      	CLRF        IntToStr_i_L0+1 
;__Lib_Conversions.c,168 :: 		
L_IntToStr27:
0x07B4	0x503E      	MOVF        IntToStr_i_L0, 0 
0x07B6	0x243C      	ADDWF       FARG_IntToStr_output, 0 
0x07B8	0x6EE9      	MOVWF       FSR0L 
0x07BA	0x503F      	MOVF        IntToStr_i_L0+1, 0 
0x07BC	0x203D      	ADDWFC      FARG_IntToStr_output+1, 0 
0x07BE	0x6EEA      	MOVWF       FSR0H 
0x07C0	0x50EE      	MOVF        POSTINC0, 0 
0x07C2	0x0A20      	XORLW       32
0x07C4	0xE103      	BNZ         L_IntToStr28
0x07C6	0x4A3E      	INFSNZ      IntToStr_i_L0, 1 
0x07C8	0x2A3F      	INCF        IntToStr_i_L0+1, 1 
0x07CA	0xD7F4      	BRA         L_IntToStr27
L_IntToStr28:
;__Lib_Conversions.c,169 :: 		
0x07CC	0x0E01      	MOVLW       1
0x07CE	0x5E3E      	SUBWF       IntToStr_i_L0, 1 
0x07D0	0x0E00      	MOVLW       0
0x07D2	0x5A3F      	SUBWFB      IntToStr_i_L0+1, 1 
;__Lib_Conversions.c,170 :: 		
0x07D4	0x503E      	MOVF        IntToStr_i_L0, 0 
0x07D6	0x243C      	ADDWF       FARG_IntToStr_output, 0 
0x07D8	0x6EE1      	MOVWF       FSR1L 
0x07DA	0x503F      	MOVF        IntToStr_i_L0+1, 0 
0x07DC	0x203D      	ADDWFC      FARG_IntToStr_output+1, 0 
0x07DE	0x6EE2      	MOVWF       FSR1H 
0x07E0	0x0E2D      	MOVLW       45
0x07E2	0x6EE6      	MOVWF       POSTINC1 
L_IntToStr26:
;__Lib_Conversions.c,171 :: 		
L_end_IntToStr:
0x07E4	0x0012      	RETURN      0
; end of _IntToStr
_main:
0x07E6	0xF005EC16  	CALL        2604, 0
;thermo.c,23 :: 		void main() {
;thermo.c,33 :: 		OSCCON=0x6E;
0x07EA	0x0E6E      	MOVLW       110
0x07EC	0x6ED3      	MOVWF       OSCCON 
;thermo.c,40 :: 		CMCON=0x07;
0x07EE	0x0E07      	MOVLW       7
0x07F0	0x6EB4      	MOVWF       CMCON 
;thermo.c,51 :: 		ADCON0=0x02;
0x07F2	0x0E02      	MOVLW       2
0x07F4	0x6EC2      	MOVWF       ADCON0 
;thermo.c,61 :: 		ADCON1=0x0C;
0x07F6	0x0E0C      	MOVLW       12
0x07F8	0x6EC1      	MOVWF       ADCON1 
;thermo.c,65 :: 		TRISA=0xFF;
0x07FA	0x0EFF      	MOVLW       255
0x07FC	0x6E92      	MOVWF       TRISA 
;thermo.c,66 :: 		TRISB=0x00;
0x07FE	0x6A93      	CLRF        TRISB 
;thermo.c,67 :: 		PORTB=0x00;
0x0800	0x6A81      	CLRF        PORTB 
;thermo.c,69 :: 		Lcd_Init();                        // Initialize LCD
0x0802	0xDE41      	RCALL       _Lcd_Init
;thermo.c,71 :: 		Delay_ms(500);
0x0804	0x0E06      	MOVLW       6
0x0806	0x6E0B      	MOVWF       R11, 0
0x0808	0x0E13      	MOVLW       19
0x080A	0x6E0C      	MOVWF       R12, 0
0x080C	0x0EAD      	MOVLW       173
0x080E	0x6E0D      	MOVWF       R13, 0
L_main0:
0x0810	0x2E0D      	DECFSZ      R13, 1, 0
0x0812	0xD7FE      	BRA         L_main0
0x0814	0x2E0C      	DECFSZ      R12, 1, 0
0x0816	0xD7FC      	BRA         L_main0
0x0818	0x2E0B      	DECFSZ      R11, 1, 0
0x081A	0xD7FA      	BRA         L_main0
0x081C	0x0000      	NOP
0x081E	0x0000      	NOP
;thermo.c,73 :: 		Lcd_Cmd(_LCD_CLEAR);               // Clear display
0x0820	0x0E01      	MOVLW       1
0x0822	0x6E4B      	MOVWF       FARG_Lcd_Cmd_out_char 
0x0824	0xDC29      	RCALL       _Lcd_Cmd
;thermo.c,74 :: 		Lcd_Cmd(_LCD_CURSOR_OFF);          // Cursor off
0x0826	0x0E0C      	MOVLW       12
0x0828	0x6E4B      	MOVWF       FARG_Lcd_Cmd_out_char 
0x082A	0xDC26      	RCALL       _Lcd_Cmd
;thermo.c,76 :: 		Lcd_Out(1,1,"Inside: ");
0x082C	0x0E01      	MOVLW       1
0x082E	0x6E3A      	MOVWF       FARG_Lcd_Out_row 
0x0830	0x0E01      	MOVLW       1
0x0832	0x6E3B      	MOVWF       FARG_Lcd_Out_column 
0x0834	0x0E1F      	MOVLW       ?lstr1_thermo
0x0836	0x6E3C      	MOVWF       FARG_Lcd_Out_text 
0x0838	0x0E00      	MOVLW       hi_addr(?lstr1_thermo)
0x083A	0x6E3D      	MOVWF       FARG_Lcd_Out_text+1 
0x083C	0xDDE7      	RCALL       _Lcd_Out
;thermo.c,77 :: 		Lcd_Out(2,1,"Outside: ");
0x083E	0x0E02      	MOVLW       2
0x0840	0x6E3A      	MOVWF       FARG_Lcd_Out_row 
0x0842	0x0E01      	MOVLW       1
0x0844	0x6E3B      	MOVWF       FARG_Lcd_Out_column 
0x0846	0x0E15      	MOVLW       ?lstr2_thermo
0x0848	0x6E3C      	MOVWF       FARG_Lcd_Out_text 
0x084A	0x0E00      	MOVLW       hi_addr(?lstr2_thermo)
0x084C	0x6E3D      	MOVWF       FARG_Lcd_Out_text+1 
0x084E	0xDDDE      	RCALL       _Lcd_Out
;thermo.c,79 :: 		for(;;){
L_main1:
;thermo.c,80 :: 		if(ADC_read(2) > 700)
0x0850	0x0E02      	MOVLW       2
0x0852	0x6E3A      	MOVWF       FARG_ADC_Read_channel 
0x0854	0xDE6B      	RCALL       _ADC_Read
0x0856	0x5001      	MOVF        R1, 0 
0x0858	0x0802      	SUBLW       2
0x085A	0xE102      	BNZ         L__main8
0x085C	0x5000      	MOVF        R0, 0 
0x085E	0x08BC      	SUBLW       188
L__main8:
0x0860	0xE202      	BC          L_main4
;thermo.c,81 :: 		PORTB |= 0x80;
0x0862	0x8E81      	BSF         PORTB, 7 
0x0864	0xD002      	BRA         L_main5
L_main4:
;thermo.c,83 :: 		PORTB &= 0x7F;
0x0866	0x0E7F      	MOVLW       127
0x0868	0x1681      	ANDWF       PORTB, 1 
L_main5:
;thermo.c,85 :: 		adc_rd  = ADC_read(0);                 // get ADC value from 0th channel
0x086A	0x6A3A      	CLRF        FARG_ADC_Read_channel 
0x086C	0xDE5F      	RCALL       _ADC_Read
0x086E	0xF02DC000  	MOVFF       R0, _adc_rd
0x0872	0xF02EC001  	MOVFF       R1, _adc_rd+1
;thermo.c,86 :: 		tlong = (long)adc_rd * 5500;           // covert adc reading to milivolts
0x0876	0x0E00      	MOVLW       0
0x0878	0x6E02      	MOVWF       R2 
0x087A	0x6E03      	MOVWF       R3 
0x087C	0x0E7C      	MOVLW       124
0x087E	0x6E04      	MOVWF       R4 
0x0880	0x0E15      	MOVLW       21
0x0882	0x6E05      	MOVWF       R5 
0x0884	0x0E00      	MOVLW       0
0x0886	0x6E06      	MOVWF       R6 
0x0888	0x6E07      	MOVWF       R7 
0x088A	0xDE6B      	RCALL       _Mul_32x32_U
0x088C	0xF036C000  	MOVFF       R0, _tlong
0x0890	0xF037C001  	MOVFF       R1, _tlong+1
0x0894	0xF038C002  	MOVFF       R2, _tlong+2
0x0898	0xF039C003  	MOVFF       R3, _tlong+3
;thermo.c,87 :: 		tlong = tlong / 1023;                  // 0..1023 -> 0-4000mV
0x089C	0x0EFF      	MOVLW       255
0x089E	0x6E04      	MOVWF       R4 
0x08A0	0x0E03      	MOVLW       3
0x08A2	0x6E05      	MOVWF       R5 
0x08A4	0x0E00      	MOVLW       0
0x08A6	0x6E06      	MOVWF       R6 
0x08A8	0x6E07      	MOVWF       R7 
0x08AA	0xDE84      	RCALL       _Div_32x32_S
0x08AC	0xF036C000  	MOVFF       R0, _tlong
0x08B0	0xF037C001  	MOVFF       R1, _tlong+1
0x08B4	0xF038C002  	MOVFF       R2, _tlong+2
0x08B8	0xF039C003  	MOVFF       R3, _tlong+3
;thermo.c,88 :: 		tlong = tlong - 614;                   // 500mV at 0 C
0x08BC	0x0E66      	MOVLW       102
0x08BE	0x5E00      	SUBWF       R0, 1 
0x08C0	0x0E02      	MOVLW       2
0x08C2	0x5A01      	SUBWFB      R1, 1 
0x08C4	0x0E00      	MOVLW       0
0x08C6	0x5A02      	SUBWFB      R2, 1 
0x08C8	0x5A03      	SUBWFB      R3, 1 
0x08CA	0xF036C000  	MOVFF       R0, _tlong
0x08CE	0xF037C001  	MOVFF       R1, _tlong+1
0x08D2	0xF038C002  	MOVFF       R2, _tlong+2
0x08D6	0xF039C003  	MOVFF       R3, _tlong+3
;thermo.c,89 :: 		tlong = tlong / 10;                    // 10mV = 1C
0x08DA	0x0E0A      	MOVLW       10
0x08DC	0x6E04      	MOVWF       R4 
0x08DE	0x0E00      	MOVLW       0
0x08E0	0x6E05      	MOVWF       R5 
0x08E2	0x6E06      	MOVWF       R6 
0x08E4	0x6E07      	MOVWF       R7 
0x08E6	0xDE66      	RCALL       _Div_32x32_S
0x08E8	0xF036C000  	MOVFF       R0, _tlong
0x08EC	0xF037C001  	MOVFF       R1, _tlong+1
0x08F0	0xF038C002  	MOVFF       R2, _tlong+2
0x08F4	0xF039C003  	MOVFF       R3, _tlong+3
;thermo.c,90 :: 		Cnt   = (int)tlong;
0x08F8	0xF028C000  	MOVFF       R0, _Cnt
0x08FC	0xF029C001  	MOVFF       R1, _Cnt+1
0x0900	0x0E00      	MOVLW       0
0x0902	0xBE01      	BTFSC       R1, 7 
0x0904	0x0EFF      	MOVLW       255
0x0906	0x6E2A      	MOVWF       _Cnt+2 
0x0908	0x6E2B      	MOVWF       _Cnt+3 
;thermo.c,91 :: 		IntToStr(Cnt,Str);
0x090A	0xF03AC028  	MOVFF       _Cnt, FARG_IntToStr_input
0x090E	0xF03BC029  	MOVFF       _Cnt+1, FARG_IntToStr_input+1
0x0912	0x0E2F      	MOVLW       _Str
0x0914	0x6E3C      	MOVWF       FARG_IntToStr_output 
0x0916	0x0E00      	MOVLW       hi_addr(_Str)
0x0918	0x6E3D      	MOVWF       FARG_IntToStr_output+1 
0x091A	0xDEF9      	RCALL       _IntToStr
;thermo.c,92 :: 		Lcd_Out(1,9,Str);
0x091C	0x0E01      	MOVLW       1
0x091E	0x6E3A      	MOVWF       FARG_Lcd_Out_row 
0x0920	0x0E09      	MOVLW       9
0x0922	0x6E3B      	MOVWF       FARG_Lcd_Out_column 
0x0924	0x0E2F      	MOVLW       _Str
0x0926	0x6E3C      	MOVWF       FARG_Lcd_Out_text 
0x0928	0x0E00      	MOVLW       hi_addr(_Str)
0x092A	0x6E3D      	MOVWF       FARG_Lcd_Out_text+1 
0x092C	0xDD6F      	RCALL       _Lcd_Out
;thermo.c,94 :: 		adc_rd  = ADC_read(1);                 // get ADC value from 0th channel
0x092E	0x0E01      	MOVLW       1
0x0930	0x6E3A      	MOVWF       FARG_ADC_Read_channel 
0x0932	0xDDFC      	RCALL       _ADC_Read
0x0934	0xF02DC000  	MOVFF       R0, _adc_rd
0x0938	0xF02EC001  	MOVFF       R1, _adc_rd+1
;thermo.c,95 :: 		tlong = (long)adc_rd * 5500;           // covert adc reading to milivolts
0x093C	0x0E00      	MOVLW       0
0x093E	0x6E02      	MOVWF       R2 
0x0940	0x6E03      	MOVWF       R3 
0x0942	0x0E7C      	MOVLW       124
0x0944	0x6E04      	MOVWF       R4 
0x0946	0x0E15      	MOVLW       21
0x0948	0x6E05      	MOVWF       R5 
0x094A	0x0E00      	MOVLW       0
0x094C	0x6E06      	MOVWF       R6 
0x094E	0x6E07      	MOVWF       R7 
0x0950	0xDE08      	RCALL       _Mul_32x32_U
0x0952	0xF036C000  	MOVFF       R0, _tlong
0x0956	0xF037C001  	MOVFF       R1, _tlong+1
0x095A	0xF038C002  	MOVFF       R2, _tlong+2
0x095E	0xF039C003  	MOVFF       R3, _tlong+3
;thermo.c,96 :: 		tlong = tlong / 1023;                  // 0..1023 -> 0-4000mV
0x0962	0x0EFF      	MOVLW       255
0x0964	0x6E04      	MOVWF       R4 
0x0966	0x0E03      	MOVLW       3
0x0968	0x6E05      	MOVWF       R5 
0x096A	0x0E00      	MOVLW       0
0x096C	0x6E06      	MOVWF       R6 
0x096E	0x6E07      	MOVWF       R7 
0x0970	0xDE21      	RCALL       _Div_32x32_S
0x0972	0xF036C000  	MOVFF       R0, _tlong
0x0976	0xF037C001  	MOVFF       R1, _tlong+1
0x097A	0xF038C002  	MOVFF       R2, _tlong+2
0x097E	0xF039C003  	MOVFF       R3, _tlong+3
;thermo.c,97 :: 		tlong = tlong - 834;                   // 500mV at 0 C
0x0982	0x0E42      	MOVLW       66
0x0984	0x5E00      	SUBWF       R0, 1 
0x0986	0x0E03      	MOVLW       3
0x0988	0x5A01      	SUBWFB      R1, 1 
0x098A	0x0E00      	MOVLW       0
0x098C	0x5A02      	SUBWFB      R2, 1 
0x098E	0x5A03      	SUBWFB      R3, 1 
0x0990	0xF036C000  	MOVFF       R0, _tlong
0x0994	0xF037C001  	MOVFF       R1, _tlong+1
0x0998	0xF038C002  	MOVFF       R2, _tlong+2
0x099C	0xF039C003  	MOVFF       R3, _tlong+3
;thermo.c,98 :: 		tlong = tlong / 10;                    // 10mV = 1C
0x09A0	0x0E0A      	MOVLW       10
0x09A2	0x6E04      	MOVWF       R4 
0x09A4	0x0E00      	MOVLW       0
0x09A6	0x6E05      	MOVWF       R5 
0x09A8	0x6E06      	MOVWF       R6 
0x09AA	0x6E07      	MOVWF       R7 
0x09AC	0xDE03      	RCALL       _Div_32x32_S
0x09AE	0xF036C000  	MOVFF       R0, _tlong
0x09B2	0xF037C001  	MOVFF       R1, _tlong+1
0x09B6	0xF038C002  	MOVFF       R2, _tlong+2
0x09BA	0xF039C003  	MOVFF       R3, _tlong+3
;thermo.c,99 :: 		Cnt   = (int)tlong;
0x09BE	0xF028C000  	MOVFF       R0, _Cnt
0x09C2	0xF029C001  	MOVFF       R1, _Cnt+1
0x09C6	0x0E00      	MOVLW       0
0x09C8	0xBE01      	BTFSC       R1, 7 
0x09CA	0x0EFF      	MOVLW       255
0x09CC	0x6E2A      	MOVWF       _Cnt+2 
0x09CE	0x6E2B      	MOVWF       _Cnt+3 
;thermo.c,100 :: 		IntToStr(Cnt,Str);
0x09D0	0xF03AC028  	MOVFF       _Cnt, FARG_IntToStr_input
0x09D4	0xF03BC029  	MOVFF       _Cnt+1, FARG_IntToStr_input+1
0x09D8	0x0E2F      	MOVLW       _Str
0x09DA	0x6E3C      	MOVWF       FARG_IntToStr_output 
0x09DC	0x0E00      	MOVLW       hi_addr(_Str)
0x09DE	0x6E3D      	MOVWF       FARG_IntToStr_output+1 
0x09E0	0xDE96      	RCALL       _IntToStr
;thermo.c,101 :: 		Lcd_Out(2,9,Str);
0x09E2	0x0E02      	MOVLW       2
0x09E4	0x6E3A      	MOVWF       FARG_Lcd_Out_row 
0x09E6	0x0E09      	MOVLW       9
0x09E8	0x6E3B      	MOVWF       FARG_Lcd_Out_column 
0x09EA	0x0E2F      	MOVLW       _Str
0x09EC	0x6E3C      	MOVWF       FARG_Lcd_Out_text 
0x09EE	0x0E00      	MOVLW       hi_addr(_Str)
0x09F0	0x6E3D      	MOVWF       FARG_Lcd_Out_text+1 
0x09F2	0xDD0C      	RCALL       _Lcd_Out
;thermo.c,103 :: 		Delay_ms(250);
0x09F4	0x0E03      	MOVLW       3
0x09F6	0x6E0B      	MOVWF       R11, 0
0x09F8	0x0E8A      	MOVLW       138
0x09FA	0x6E0C      	MOVWF       R12, 0
0x09FC	0x0E55      	MOVLW       85
0x09FE	0x6E0D      	MOVWF       R13, 0
L_main6:
0x0A00	0x2E0D      	DECFSZ      R13, 1, 0
0x0A02	0xD7FE      	BRA         L_main6
0x0A04	0x2E0C      	DECFSZ      R12, 1, 0
0x0A06	0xD7FC      	BRA         L_main6
0x0A08	0x2E0B      	DECFSZ      R11, 1, 0
0x0A0A	0xD7FA      	BRA         L_main6
0x0A0C	0x0000      	NOP
0x0A0E	0x0000      	NOP
;thermo.c,104 :: 		}
0x0A10	0xD71F      	BRA         L_main1
;thermo.c,105 :: 		}
L_end_main:
0x0A12	0xD7FF      	BRA         $+0
; end of _main
0x0A2C	0xF015EE10  	LFSR        1, 21
0x0A30	0x0E17      	MOVLW       23
0x0A32	0x6E00      	MOVWF       R0 
0x0A34	0x0E01      	MOVLW       1
0x0A36	0x6E01      	MOVWF       R1 
0x0A38	0x0E14      	MOVLW       20
0x0A3A	0x6EF6      	MOVWF       4086 
0x0A3C	0x0E0A      	MOVLW       10
0x0A3E	0x6EF7      	MOVWF       TBLPTRH 
0x0A40	0x0E00      	MOVLW       0
0x0A42	0x6EF8      	MOVWF       TBLPTRU 
0x0A44	0xF002EC8E  	CALL        1308, 0
0x0A48	0x0012      	RETURN      0
;thermo.c,0 :: ?ICS?lstr2_thermo
0x0A14	0x754F ;?ICS?lstr2_thermo+0
0x0A16	0x7374 ;?ICS?lstr2_thermo+2
0x0A18	0x6469 ;?ICS?lstr2_thermo+4
0x0A1A	0x3A65 ;?ICS?lstr2_thermo+6
0x0A1C	0x0020 ;?ICS?lstr2_thermo+8
; end of ?ICS?lstr2_thermo
;thermo.c,0 :: ?ICS?lstr1_thermo
0x0A1E	0x6E49 ;?ICS?lstr1_thermo+0
0x0A20	0x6973 ;?ICS?lstr1_thermo+2
0x0A22	0x6564 ;?ICS?lstr1_thermo+4
0x0A24	0x203A ;?ICS?lstr1_thermo+6
0x0A26	0x00 ;?ICS?lstr1_thermo+8
; end of ?ICS?lstr1_thermo
;thermo.c,0 :: ?ICS_Cnt
0x0A27	0x0000 ;?ICS_Cnt+0
0x0A29	0x0000 ;?ICS_Cnt+2
; end of ?ICS_Cnt
Symbol List:
//** Routines locations **
//ADDRESS    SIZE    PROCEDURE
//----------------------------------------------
0x001C      [10]    _Delay_50us
0x0026      [22]    _Delay_5500us
0x003C       [6]    _Delay_1us
0x0042      [54]    _Div_16x16_U
0x0078     [124]    _Lcd_Cmd
0x00F4      [12]    _Delay_22us
0x0100     [144]    _WordToStr
0x0190     [600]    _SDIV3232L
0x03E8      [24]    _COMFREM
0x0400      [12]    _Lcd_Chr_CP
0x040C     [122]    _Lcd_Out
0x0486     [150]    _Lcd_Init
0x051C      [16]    ___CC2DW
0x052C      [54]    _ADC_Read
0x0562      [82]    _Mul_32x32_U
0x05B4     [346]    _Div_32x32_S
0x070E     [216]    _IntToStr
0x07E6     [558]    _main
//** Variables locations ** 
//ADDRESS    SIZE    VARIABLE
//----------------------------------------------
0x0000       [1]    R0
0x0000       [1]    UART1_Init_tmp_L0
0x0001       [1]    UART1_Read___tmp_UART1_Read_L0
0x0001       [1]    R1
0x0002       [2]    strlen_cp_L0
0x0002       [1]    R2
0x0002       [2]    memcpy_dd_L0
0x0002       [2]    memchr_s_L0
0x0002       [2]    memset_pp_L0
0x0003       [1]    R3
0x0003       [2]    memmove_tt_L0
0x0003       [2]    Ltrim_original_L0
0x0004       [2]    memcpy_ss_L0
0x0004       [1]    R4
0x0004       [2]    strncat_cp_L0
0x0004       [2]    strncpy_cp_L0
0x0004       [2]    strcat_cp_L0
0x0004       [2]    strcpy_cp_L0
0x0005       [2]    LongIntToHex_input_half_L0
0x0005       [2]    memmove_ff_L0
0x0005       [2]    Ltrim_p_L0
0x0005       [2]    LongWordToHex_input_half_L0
0x0005       [1]    R5
0x0006       [1]    R6
0x0007       [1]    R7
0x0008       [1]    R8
0x0009       [1]    R9
0x000A       [1]    R10
0x000B       [1]    R11
0x000C       [1]    R12
0x000D       [1]    R13
0x000E       [1]    R14
0x000F       [1]    R15
0x0010       [1]    R16
0x0011       [1]    R17
0x0012       [1]    R18
0x0013       [1]    R19
0x0014       [1]    R20
0x0015      [10]    ?lstr2_thermo
0x001F       [9]    ?lstr1_thermo
0x0028       [4]    _Cnt
0x002C       [0]    __Lib_Lcd_cmd_status
0x002D       [2]    _adc_rd
0x002F       [7]    _Str
0x0036       [4]    _tlong
0x003A       [1]    FARG_ADC_Read_channel
0x003A       [2]    FARG_IntToStr_input
0x003A       [1]    FARG_Lcd_Out_row
0x003B       [1]    FARG_Lcd_Out_column
0x003C       [2]    FARG_Lcd_Out_text
0x003C       [2]    FARG_IntToStr_output
0x003E       [2]    IntToStr_i_L0
0x003E       [1]    Lcd_Out_i_L0
0x0040       [2]    IntToStr_negative_L0
0x0042       [2]    IntToStr_inword_L0
0x0044       [1]    FARG_Lcd_Chr_CP_out_char
0x0044       [2]    FARG_WordToStr_input
0x0046       [2]    FARG_WordToStr_output
0x0048       [1]    WordToStr_len_L0
0x0049       [2]    FLOC__WordToStr
0x004B       [1]    FARG_Lcd_Cmd_out_char
0x0F81       [0]    RB3_bit
0x0F81       [0]    RB4_bit
0x0F81       [0]    RB5_bit
0x0F81       [0]    RB1_bit
0x0F81       [0]    RB2_bit
0x0F81       [0]    RB0_bit
0x0F81       [1]    PORTB
0x0F81       [0]    LCD_D5
0x0F81       [0]    LCD_D6
0x0F81       [0]    LCD_D7
0x0F81       [0]    LCD_RS
0x0F81       [0]    LCD_EN
0x0F81       [0]    LCD_D4
0x0F92       [1]    TRISA
0x0F93       [0]    TRISB5_bit
0x0F93       [0]    TRISB4_bit
0x0F93       [0]    LCD_D4_Direction
0x0F93       [0]    LCD_EN_Direction
0x0F93       [0]    LCD_RS_Direction
0x0F93       [0]    LCD_D7_Direction
0x0F93       [0]    LCD_D6_Direction
0x0F93       [0]    LCD_D5_Direction
0x0F93       [0]    TRISB1_bit
0x0F93       [0]    TRISB2_bit
0x0F93       [0]    TRISB3_bit
0x0F93       [1]    TRISB
0x0F93       [0]    TRISB0_bit
0x0FB4       [1]    CMCON
0x0FC0       [1]    ADCON2
0x0FC1       [1]    ADCON1
0x0FC2       [1]    ADCON0
0x0FC3       [1]    ADRESL
0x0FC4       [1]    ADRESH
0x0FD3       [1]    OSCCON
0x0FD8       [1]    STATUS
0x0FD9       [1]    FSR2L
0x0FDA       [1]    FSR2H
0x0FDE       [1]    POSTINC2
0x0FE0       [1]    BSR
0x0FE1       [1]    FSR1L
0x0FE2       [1]    FSR1H
0x0FE4       [1]    PREINC1
0x0FE6       [1]    POSTINC1
0x0FE7       [1]    INDF1
0x0FE8       [1]    WREG
0x0FE9       [1]    FSR0L
0x0FEA       [1]    FSR0H
0x0FEE       [1]    POSTINC0
0x0FF3       [1]    PRODL
0x0FF4       [1]    PRODH
0x0FF5       [1]    TABLAT
0x0FF6       [1]    TBLPTRL
0x0FF7       [1]    TBLPTRH
0x0FF8       [1]    TBLPTRU
//** Constants locations ** 
//ADDRESS    SIZE    CONSTANT
//----------------------------------------------
0x0A14      [10]    ?ICS?lstr2_thermo
0x0A1E       [9]    ?ICS?lstr1_thermo
0x0A27       [4]    ?ICS_Cnt
//** Label List: ** 
//----------------------------------------------
  L_main0
  L_main1
  L_main2
  L_main3
  L_main4
  L_main5
  L_main6
  L_end_main
  _main
  L__main8
  L_ADC_Get_Sample0
  L_ADC_Get_Sample1
  L_ADC_Read2
  L_ADC_Read3
  L_end_ADC_Init
  _ADC_Init
  L_end_ADC_Get_Sample
  _ADC_Get_Sample
  L_end_ADC_Read
  _ADC_Read
  L_ByteToStr0
  L_ByteToStr1
  L_ByteToStr2
  L_ByteToStr3
  L_ByteToStr4
  L_ByteToStr5
  L_WordToStr6
  L_WordToStr7
  L_WordToStr8
  L_WordToStr9
  L_WordToStr10
  L_WordToStr11
  L_WordToStrWithZeros12
  L_WordToStrWithZeros13
  L_WordToStrWithZeros14
  L_WordToStrWithZeros15
  L_WordToStrWithZeros16
  L_ShortToStr17
  L_ShortToStr18
  L_ShortToStr19
  L_ShortToStr20
  L_ShortToStr21
  L_ShortToStr22
  L_IntToStr23
  L_IntToStr24
  L_IntToStr25
  L_IntToStr26
  L_IntToStr27
  L_IntToStr28
  L_IntToStrWithZeros29
  L_IntToStrWithZeros30
  L_IntToStrWithZeros31
  L_IntToStrWithZeros32
  L_IntToStrWithZeros33
  L_IntToStrWithZeros34
  L_IntToStrWithZeros35
  L_IntToStrWithZeros36
  L_IntToStrWithZeros37
  L_LongWordToStr38
  L_LongWordToStr39
  L_LongWordToStr40
  L_LongWordToStr41
  L_LongWordToStr42
  L_LongWordToStr43
  L_LongWordToStrWithZeros44
  L_LongWordToStrWithZeros45
  L_LongWordToStrWithZeros46
  L_LongWordToStrWithZeros47
  L_LongWordToStrWithZeros48
  L_LongToStr49
  L_LongToStr50
  L_LongToStr51
  L_LongToStr52
  L_LongToStr53
  L_LongToStr54
  L_LongIntToStrWithZeros55
  L_LongIntToStrWithZeros56
  L_LongIntToStrWithZeros57
  L_LongIntToStrWithZeros58
  L_LongIntToStrWithZeros59
  L_LongIntToStrWithZeros60
  L_LongIntToStrWithZeros61
  L_LongIntToStrWithZeros62
  L_LongIntToStrWithZeros63
  L_Dec2Bcd64
  L_Dec2Bcd65
  L_Rtrim66
  L_Rtrim67
  L_Rtrim68
  L_Rtrim69
  L_Ltrim70
  L_Ltrim71
  L_Ltrim72
  L_Ltrim73
  L_Ltrim74
  L_Ltrim75
  L_FloatToStr76
  L_FloatToStr77
  L_FloatToStr78
  L_FloatToStr79
  L_FloatToStr80
  L_FloatToStr81
  L_FloatToStr82
  L_FloatToStr83
  L_FloatToStr84
  L_FloatToStr85
  L_FloatToStr86
  L_FloatToStr87
  L_FloatToStr88
  L_FloatToStr89
  L_FloatToStr90
  L_FloatToStr91
  L_FloatToStr92
  L_FloatToStr93
  L_FloatToStr94
  L_FloatToStr95
  L_FloatToStr96
  L_FloatToStr97
  L__Rtrim98
  L__Ltrim99
  L__FloatToStr100
  L_end_ByteToHex
  _ByteToHex
  L_end_ShortToHex
  _ShortToHex
  L_end_WordToHex
  _WordToHex
  L_end_IntToHex
  _IntToHex
  L_end_LongWordToHex
  _LongWordToHex
  L_end_LongIntToHex
  _LongIntToHex
  L_end_ByteToStr
  _ByteToStr
  L_end_WordToStr
  _WordToStr
  L__WordToStr109
  L_end_WordToStrWithZeros
  _WordToStrWithZeros
  L__WordToStrWithZeros111
  L_end_ShortToStr
  _ShortToStr
  L__ShortToStr113
  L_end_IntToStr
  _IntToStr
  L__IntToStr115
  L__IntToStr116
  L_end_IntToStrWithZeros
  _IntToStrWithZeros
  L__IntToStrWithZeros118
  L__IntToStrWithZeros119
  L__IntToStrWithZeros120
  L_end_LongWordToStr
  _LongWordToStr
  L__LongWordToStr122
  L__LongWordToStr123
  L_end_LongWordToStrWithZeros
  _LongWordToStrWithZeros
  L__LongWordToStrWithZeros125
  L_end_LongToStr
  _LongToStr
  L__LongToStr127
  L__LongToStr128
  L_end_LongIntToStrWithZeros
  _LongIntToStrWithZeros
  L__LongIntToStrWithZeros130
  L__LongIntToStrWithZeros131
  L__LongIntToStrWithZeros132
  L_end_Dec2Bcd
  _Dec2Bcd
  L_end_Bcd2Dec
  _Bcd2Dec
  L_end_Bcd2Dec16
  _Bcd2Dec16
  L__Bcd2Dec16136
  L__Bcd2Dec16137
  L_end_Dec2Bcd16
  _Dec2Bcd16
  L__Dec2Bcd16139
  L__Dec2Bcd16140
  L_end_Rtrim
  _Rtrim
  L__Rtrim142
  L_end_Ltrim
  _Ltrim
  L_end_FloatToStr
  _FloatToStr
  L__FloatToStr145
  L__FloatToStr146
  L__FloatToStr147
  L__FloatToStr148
  L__FloatToStr149
  L_Delay_10us0
  L_Delay_22us1
  L_Delay_50us2
  L_Delay_80us3
  L_Delay_500us4
  L_Delay_5500us5
  L_Delay_1ms6
  L_Delay_5ms7
  L_Delay_8ms8
  L_Delay_100ms9
  L_Delay_10ms10
  L_Delay_1sec11
  L____Boot_Delay4k12
  L____Boot_Delay8k13
  L____Boot_Delay12k14
  L____Boot_Delay16k15
  L____Boot_Delay24k16
  L____Boot_Delay32k17
  L____Boot_Delay48k18
  L____Boot_Delay64k19
  L____Boot_Delay128k20
  L_Delay_Cyc21
  L_Delay_Cyc22
  L_VDelay_ms23
  L_VDelay_ms24
  L_VDelay_ms25
  L_VDelay_Advanced_ms26
  L_VDelay_Advanced_ms27
  L_VDelay_Advanced_ms28
  L_end_Get_Fosc_kHz
  _Get_Fosc_kHz
  L_end_Delay_1us
  _Delay_1us
  L_end_Delay_10us
  _Delay_10us
  L_end_Delay_22us
  _Delay_22us
  L_end_Delay_50us
  _Delay_50us
  L_end_Delay_80us
  _Delay_80us
  L_end_Delay_500us
  _Delay_500us
  L_end_Delay_5500us
  _Delay_5500us
  L_end_Delay_1ms
  _Delay_1ms
  L_end_Delay_5ms
  _Delay_5ms
  L_end_Delay_8ms
  _Delay_8ms
  L_end_Delay_100ms
  _Delay_100ms
  L_end_Delay_10ms
  _Delay_10ms
  L_end_Delay_1sec
  _Delay_1sec
  L_end____Boot_Delay4k
  ____Boot_Delay4k
  L_end____Boot_Delay8k
  ____Boot_Delay8k
  L_end____Boot_Delay12k
  ____Boot_Delay12k
  L_end____Boot_Delay16k
  ____Boot_Delay16k
  L_end____Boot_Delay24k
  ____Boot_Delay24k
  L_end____Boot_Delay32k
  ____Boot_Delay32k
  L_end____Boot_Delay48k
  ____Boot_Delay48k
  L_end____Boot_Delay64k
  ____Boot_Delay64k
  L_end____Boot_Delay128k
  ____Boot_Delay128k
  L_end_Delay_Cyc
  _Delay_Cyc
  L_end_VDelay_ms
  _VDelay_ms
  L__VDelay_ms54
  L__VDelay_ms55
  L__VDelay_ms56
  L_end_VDelay_Advanced_ms
  _VDelay_Advanced_ms
  L__VDelay_Advanced_ms58
  L__VDelay_Advanced_ms59
  L__VDelay_Advanced_ms60
  L_Lcd_Cmd0
  L_Lcd_Cmd1
  L_Lcd_Out_CP2
  L_Lcd_Out_CP3
  L_Lcd_Chr4
  L_Lcd_Chr5
  L_Lcd_Chr6
  L_Lcd_Chr7
  L_Lcd_Chr8
  L_Lcd_Chr9
  L_Lcd_Chr10
  L_Lcd_Out11
  L_Lcd_Out12
  L_Lcd_Out13
  L_Lcd_Out14
  L_Lcd_Out15
  L_Lcd_Out16
  L_Lcd_Out17
  L_Lcd_Out18
  L_Lcd_Out19
  L_end_Lcd_Cmd
  _Lcd_Cmd
  L__Lcd_Cmd21
  L__Lcd_Cmd22
  L__Lcd_Cmd23
  L__Lcd_Cmd24
  L__Lcd_Cmd25
  L__Lcd_Cmd26
  L__Lcd_Cmd27
  L__Lcd_Cmd28
  L__Lcd_Cmd29
  L__Lcd_Cmd30
  L__Lcd_Cmd31
  L__Lcd_Cmd32
  L__Lcd_Cmd33
  L__Lcd_Cmd34
  L__Lcd_Cmd35
  L__Lcd_Cmd36
  L__Lcd_Cmd37
  L__Lcd_Cmd38
  L__Lcd_Cmd39
  L__Lcd_Cmd40
  L_end_Lcd_Chr_CP
  _Lcd_Chr_CP
  L_end_Lcd_Out_CP
  _Lcd_Out_CP
  L_end_Lcd_Chr
  _Lcd_Chr
  L_end_Lcd_Init
  _Lcd_Init
  L_end_Lcd_Out
  _Lcd_Out
  L_Div_16x16_S0
  L_Div_16x16_S1
  LOOPS3232A
  SADD22LA
  SOK22LA
  SADD22L8
  SOK22L8
  LOOPS3232B
  SADD22LB
  SOK22LB
  SADD22L16
  SOK22L16
  LOOPS3232C
  SADD22LC
  SOK22LC
  SADD22L24
  SOK22L24
  LOOPS3232D
  SADD22LD
  SOK22LD
  SOK22L
  L_Div_32x32_S6
  L_Div_32x32_S7
  L_Div_32x32_S8
  L_Div_32x32_S9
  FXD3232S
  END_ALL
  CA3232S
  C3232SX
  C3232SX1
  C3232S
  C3232S2
  C3232SX4
  C3232SOK
  C3232SX3
  C3232SX2
  avoid_comfrem
  LOOPU3232A
  UADD22LA
  UOK22LA
  UADD22L8
  UOK22L8
  LOOPU3232B
  UADD22LB
  UOK22LB
  UADD22L16
  UOK22L16
  LOOPU3232C
  UADD22LC
  UOK22LC
  UADD22L24
  UOK22L24
  LOOPU3232D
  UADD22LD
  UOK22LD
  UOK22L
  _NEXT
  _EXIT2
  _LOOP
  _EXIT1
  _IF_FIRST
  _IF_SECOND
  _INVERCE_FIRST
  _MULT
  _INBERSE_SECOND
  _EXIT
  L_end_Div_8x8_U
  _Div_8x8_U
  L_end_Div_16x16_U
  _Div_16x16_U
  L_end_Div_16x16_S_L
  _Div_16x16_S_L
  L_end_Div_16x16_S
  _Div_16x16_S
  L_end_Div_8x8_S
  _Div_8x8_S
  L_end_Mul_8x8_S
  _Mul_8x8_S
  L_end_Mul_16x16_U
  _Mul_16x16_U
  L_end_Mul_16x16_S
  _Mul_16x16_S
  L_end_SDIV3232L
  _SDIV3232L
  L_end_COMFREM
  _COMFREM
  L_end_Div_32x32_S
  _Div_32x32_S
  L_end_Div_32x32_U
  _Div_32x32_U
  L_end_Mul_32x32_U
  _Mul_32x32_U
  L_end_Mul_32x32_S
  _Mul_32x32_S
  _CC2D_Loop1
  _CC2DL_Loop1
  L_loopCA2AWs
  L_loopCCA2AWs
  L_loopCS2Ss
  L_CS2Send
  L_loopCCS2Ss
  L_CCS2Send
  L_loopFZinSWs
  L_longjmp7
  L_end___CC2D
  ___CC2D
  L_end___CC2DW
  ___CC2DW
  L_end___CA2AW
  ___CA2AW
  L_end___CCA2AW
  ___CCA2AW
  L_end___CS2S
  ___CS2S
  L_end___CCS2S
  ___CCS2S
  L_end___FZinS
  ___FZinS
  L_end_____DoIFC
  _____DoIFC
  L_end_Swap
  _Swap
  L_end_setjmp
  _setjmp
  L_end_longjmp
  _longjmp
